Command: ../cnn/stock_vis/StockHierAvgSamplingFinetuneTfIdfResReg /GSPC.tok /home/wangl/stockvis/new_scripts/../data_new3/bloomberg.50.clean.pretrained.vec /home/wangl/stockvis/new_scripts/../data_new3/GSPC.train.clean.csv /home/wangl/stockvis/new_scripts/../data_new3/GSPC.dev.clean.csv ../const_lookup/GSPC.tok.hier.avg_50_64_0.5_pid.1354 
[cnn] random seed: 4
[cnn] allocating memory: 512MB
[cnn] memory allocation done.
Reading Pretrained Word Vectors ... /home/wangl/stockvis/new_scripts/../data_new3/bloomberg.50.clean.pretrained.vec
Pretrained Embeddings: 32825
Reading training data from /home/wangl/stockvis/new_scripts/../data_new3/GSPC.train.clean.csv...
[LOG] Before Pruning there are 3256659 words and 75947 types.
[LOG] After Pruning there are 990916 words and 27574 types.
[LOG] WordDict Size: 46587
1425 lines, 3256659 tokens, 46587 types
Total Training Examples: 1425
Positive Training Examples: 780 0.547368
Negative Training Examples: 645 0.452632
Reading dev data from /home/wangl/stockvis/new_scripts/../data_new3/GSPC.dev.clean.csv...
178 lines, 848256 tokens
Total Dev Examples: 178
Positive DEV Examples: 98 0.550562
Negative DEV Examples: 80 0.449438
Parameters will be written to: /GSPC.tok.hier.avg_50_64_0.5_pid.4571
[WRONG] 1 2012-06-20 0 1 11 0
[TEST NUM]: 0	11
[WRONG] 2 2012-06-21 0 1 11 0
[TEST NUM]: 0	11
3 2012-06-22 0 0 3 8
[TEST NUM]: 8	11
[WRONG] 4 2012-06-25 0 1 10 1
[TEST NUM]: 1	11
5 2012-06-26 0 0 2 9
[TEST NUM]: 9	11
6 2012-06-27 0 0 3 8
[TEST NUM]: 8	11
[WRONG] 7 2012-06-28 0 1 9 2
[TEST NUM]: 2	11
8 2012-06-29 0 0 4 7
[TEST NUM]: 7	11
9 2012-07-02 0 0 2 9
[TEST NUM]: 9	11
10 2012-07-03 0 0 0 11
[TEST NUM]: 11	11
[WRONG] 11 2012-07-05 0 1 8 3
[TEST NUM]: 3	11
12 2012-07-06 0 0 4 7
[TEST NUM]: 7	11
13 2012-07-09 0 0 4 7
[TEST NUM]: 7	11
14 2012-07-10 0 0 3 8
[TEST NUM]: 8	11
[WRONG] 15 2012-07-11 0 1 11 0
[TEST NUM]: 0	11
[WRONG] 16 2012-07-12 0 1 10 1
[TEST NUM]: 1	11
17 2012-07-13 0 0 3 8
[TEST NUM]: 8	11
[WRONG] 18 2012-07-16 0 1 11 0
[TEST NUM]: 0	11
19 2012-07-17 0 0 3 8
[TEST NUM]: 8	11
20 2012-07-18 0 0 2 9
[TEST NUM]: 9	11
21 2012-07-19 0 0 2 9
[TEST NUM]: 9	11
[WRONG] 22 2012-07-20 0 1 11 0
[TEST NUM]: 0	11
[WRONG] 23 2012-07-23 0 1 10 1
[TEST NUM]: 1	11
[WRONG] 24 2012-07-24 0 1 11 0
[TEST NUM]: 0	11
25 2012-07-25 0 0 5 6
[TEST NUM]: 6	11
26 2012-07-26 0 0 3 8
[TEST NUM]: 8	11
27 2012-07-27 0 0 0 11
[TEST NUM]: 11	11
[WRONG] 28 2012-07-30 0 1 10 1
[TEST NUM]: 1	11
[WRONG] 29 2012-07-31 0 1 11 0
[TEST NUM]: 0	11
[WRONG] 30 2012-08-01 0 1 11 0
[TEST NUM]: 0	11
[WRONG] 31 2012-08-02 0 1 10 1
[TEST NUM]: 1	11
32 2012-08-03 0 0 5 6
[TEST NUM]: 6	11
33 2012-08-06 0 0 2 9
[TEST NUM]: 9	11
34 2012-08-07 0 0 0 11
[TEST NUM]: 11	11
35 2012-08-08 0 0 1 10
[TEST NUM]: 10	11
36 2012-08-09 0 0 0 11
[TEST NUM]: 11	11
37 2012-08-10 0 0 0 11
[TEST NUM]: 11	11
[WRONG] 38 2012-08-13 0 1 10 1
[TEST NUM]: 1	11
39 2012-08-14 0 0 4 7
[TEST NUM]: 7	11
40 2012-08-15 0 0 1 10
[TEST NUM]: 10	11
41 2012-08-16 0 0 1 10
[TEST NUM]: 10	11
42 2012-08-17 0 0 1 10
[TEST NUM]: 10	11
43 2012-08-20 0 0 0 11
[TEST NUM]: 11	11
[WRONG] 44 2012-08-21 0 1 10 1
[TEST NUM]: 1	11
45 2012-08-22 0 0 1 10
[TEST NUM]: 10	11
[WRONG] 46 2012-08-23 0 1 9 2
[TEST NUM]: 2	11
47 2012-08-24 0 0 0 11
[TEST NUM]: 11	11
[WRONG] 48 2012-08-27 0 1 11 0
[TEST NUM]: 0	11
[WRONG] 49 2012-08-28 0 1 11 0
[TEST NUM]: 0	11
50 2012-08-29 0 0 1 10
[TEST NUM]: 10	11
[WRONG] 51 2012-08-30 0 1 11 0
[TEST NUM]: 0	11
52 2012-08-31 0 0 0 11
[TEST NUM]: 11	11
[WRONG] 53 2012-09-04 0 1 9 2
[TEST NUM]: 2	11
[WRONG] 54 2012-09-05 0 1 11 0
[TEST NUM]: 0	11
55 2012-09-06 0 0 0 11
[TEST NUM]: 11	11
56 2012-09-07 0 0 0 11
[TEST NUM]: 11	11
[WRONG] 57 2012-09-10 0 1 11 0
[TEST NUM]: 0	11
58 2012-09-11 0 0 1 10
[TEST NUM]: 10	11
59 2012-09-12 0 0 0 11
[TEST NUM]: 11	11
60 2012-09-13 0 0 1 10
[TEST NUM]: 10	11
61 2012-09-14 0 0 0 11
[TEST NUM]: 11	11
[WRONG] 62 2012-09-17 0 1 11 0
[TEST NUM]: 0	11
[WRONG] 63 2012-09-18 0 1 11 0
[TEST NUM]: 0	11
64 2012-09-19 0 0 0 11
[TEST NUM]: 11	11
[WRONG] 65 2012-09-20 0 1 11 0
[TEST NUM]: 0	11
[WRONG] 66 2012-09-21 0 1 10 1
[TEST NUM]: 1	11
[WRONG] 67 2012-09-24 0 1 11 0
[TEST NUM]: 0	11
[WRONG] 68 2012-09-25 0 1 11 0
[TEST NUM]: 0	11
[WRONG] 69 2012-09-26 0 1 11 0
[TEST NUM]: 0	11
70 2012-09-27 0 0 0 11
[TEST NUM]: 11	11
[WRONG] 71 2012-09-28 0 1 9 2
[TEST NUM]: 2	11
72 2012-10-01 0 0 0 11
[TEST NUM]: 11	11
73 2012-10-02 0 0 0 11
[TEST NUM]: 11	11
74 2012-10-03 0 0 1 10
[TEST NUM]: 10	11
75 2012-10-04 0 0 3 8
[TEST NUM]: 8	11
[WRONG] 76 2012-10-05 0 1 10 1
[TEST NUM]: 1	11
[WRONG] 77 2012-10-08 0 1 9 2
[TEST NUM]: 2	11
[WRONG] 78 2012-10-09 0 1 11 0
[TEST NUM]: 0	11
[WRONG] 79 2012-10-10 0 1 9 2
[TEST NUM]: 2	11
80 2012-10-11 0 0 0 11
[TEST NUM]: 11	11
[WRONG] 81 2012-10-12 0 1 11 0
[TEST NUM]: 0	11
82 2012-10-15 0 0 0 11
[TEST NUM]: 11	11
83 2012-10-16 0 0 0 11
[TEST NUM]: 11	11
84 2012-10-17 0 0 0 11
[TEST NUM]: 11	11
[WRONG] 85 2012-10-18 0 1 11 0
[TEST NUM]: 0	11
[WRONG] 86 2012-10-19 0 1 10 1
[TEST NUM]: 1	11
87 2012-10-22 0 0 0 11
[TEST NUM]: 11	11
[WRONG] 88 2012-10-23 0 1 11 0
[TEST NUM]: 0	11
[WRONG] 89 2012-10-24 0 1 11 0
[TEST NUM]: 0	11
90 2012-10-25 0 0 5 6
[TEST NUM]: 6	11
[WRONG] 91 2012-10-26 0 1 11 0
[TEST NUM]: 0	11
92 2012-10-31 0 0 1 10
[TEST NUM]: 10	11
93 2012-11-01 0 0 0 11
[TEST NUM]: 11	11
[WRONG] 94 2012-11-02 0 1 9 2
[TEST NUM]: 2	11
95 2012-11-05 0 0 0 11
[TEST NUM]: 11	11
96 2012-11-06 0 0 1 10
[TEST NUM]: 10	11
[WRONG] 97 2012-11-07 0 1 11 0
[TEST NUM]: 0	11
[WRONG] 98 2012-11-08 0 1 11 0
[TEST NUM]: 0	11
99 2012-11-09 0 0 2 9
[TEST NUM]: 9	11
100 2012-11-12 0 0 0 11
[TEST NUM]: 11	11
[WRONG] 101 2012-11-13 0 1 11 0
[TEST NUM]: 0	11
[WRONG] 102 2012-11-14 0 1 11 0
[TEST NUM]: 0	11
[WRONG] 103 2012-11-15 0 1 8 3
[TEST NUM]: 3	11
104 2012-11-16 0 0 3 8
[TEST NUM]: 8	11
105 2012-11-19 0 0 0 11
[TEST NUM]: 11	11
106 2012-11-20 0 0 0 11
[TEST NUM]: 11	11
107 2012-11-21 0 0 0 11
[TEST NUM]: 11	11
108 2012-11-23 0 0 2 9
[TEST NUM]: 9	11
[WRONG] 109 2012-11-26 0 1 11 0
[TEST NUM]: 0	11
[WRONG] 110 2012-11-27 0 1 11 0
[TEST NUM]: 0	11
111 2012-11-28 0 0 1 10
[TEST NUM]: 10	11
112 2012-11-29 0 0 0 11
[TEST NUM]: 11	11
113 2012-11-30 0 0 0 11
[TEST NUM]: 11	11
[WRONG] 114 2012-12-03 0 1 11 0
[TEST NUM]: 0	11
[WRONG] 115 2012-12-04 0 1 11 0
[TEST NUM]: 0	11
116 2012-12-05 0 0 0 11
[TEST NUM]: 11	11
117 2012-12-06 0 0 5 6
[TEST NUM]: 6	11
118 2012-12-07 0 0 0 11
[TEST NUM]: 11	11
119 2012-12-10 0 0 2 9
[TEST NUM]: 9	11
120 2012-12-11 0 0 0 11
[TEST NUM]: 11	11
121 2012-12-12 0 0 2 9
[TEST NUM]: 9	11
[WRONG] 122 2012-12-13 0 1 10 1
[TEST NUM]: 1	11
[WRONG] 123 2012-12-14 0 1 11 0
[TEST NUM]: 0	11
124 2012-12-17 0 0 0 11
[TEST NUM]: 11	11
125 2012-12-18 0 0 5 6
[TEST NUM]: 6	11
[WRONG] 126 2012-12-19 0 1 10 1
[TEST NUM]: 1	11
127 2012-12-20 0 0 0 11
[TEST NUM]: 11	11
[WRONG] 128 2012-12-21 0 1 8 3
[TEST NUM]: 3	11
[WRONG] 129 2012-12-24 0 1 11 0
[TEST NUM]: 0	11
130 2012-12-26 0 0 5 6
[TEST NUM]: 6	11
131 2012-12-27 0 0 2 9
[TEST NUM]: 9	11
[WRONG] 132 2012-12-28 0 1 11 0
[TEST NUM]: 0	11
133 2012-12-31 0 0 0 11
[TEST NUM]: 11	11
134 2013-01-02 0 0 0 11
[TEST NUM]: 11	11
[WRONG] 135 2013-01-03 0 1 11 0
[TEST NUM]: 0	11
136 2013-01-04 0 0 4 7
[TEST NUM]: 7	11
[WRONG] 137 2013-01-07 0 1 11 0
[TEST NUM]: 0	11
[WRONG] 138 2013-01-08 0 1 9 2
[TEST NUM]: 2	11
139 2013-01-09 0 0 5 6
[TEST NUM]: 6	11
140 2013-01-10 0 0 0 11
[TEST NUM]: 11	11
[WRONG] 141 2013-01-11 0 1 11 0
[TEST NUM]: 0	11
[WRONG] 142 2013-01-14 0 1 11 0
[TEST NUM]: 0	11
143 2013-01-15 0 0 0 11
[TEST NUM]: 11	11
144 2013-01-16 0 0 0 11
[TEST NUM]: 11	11
145 2013-01-17 0 0 0 11
[TEST NUM]: 11	11
146 2013-01-18 0 0 0 11
[TEST NUM]: 11	11
147 2013-01-22 0 0 4 7
[TEST NUM]: 7	11
148 2013-01-23 0 0 3 8
[TEST NUM]: 8	11
149 2013-01-24 0 0 0 11
[TEST NUM]: 11	11
150 2013-01-25 0 0 2 9
[TEST NUM]: 9	11
[WRONG] 151 2013-01-28 0 1 11 0
[TEST NUM]: 0	11
152 2013-01-29 0 0 1 10
[TEST NUM]: 10	11
[WRONG] 153 2013-01-30 0 1 9 2
[TEST NUM]: 2	11
[WRONG] 154 2013-01-31 0 1 11 0
[TEST NUM]: 0	11
155 2013-02-01 0 0 0 11
[TEST NUM]: 11	11
[WRONG] 156 2013-02-04 0 1 10 1
[TEST NUM]: 1	11
157 2013-02-05 0 0 0 11
[TEST NUM]: 11	11
158 2013-02-06 0 0 0 11
[TEST NUM]: 11	11
[WRONG] 159 2013-02-07 0 1 11 0
[TEST NUM]: 0	11
160 2013-02-08 0 0 0 11
[TEST NUM]: 11	11
[WRONG] 161 2013-02-11 0 1 11 0
[TEST NUM]: 0	11
162 2013-02-12 0 0 0 11
[TEST NUM]: 11	11
163 2013-02-13 0 0 1 10
[TEST NUM]: 10	11
164 2013-02-14 0 0 4 7
[TEST NUM]: 7	11
[WRONG] 165 2013-02-15 0 1 11 0
[TEST NUM]: 0	11
166 2013-02-19 0 0 0 11
[TEST NUM]: 11	11
[WRONG] 167 2013-02-20 0 1 11 0
[TEST NUM]: 0	11
[WRONG] 168 2013-02-21 0 1 8 3
[TEST NUM]: 3	11
169 2013-02-22 0 0 2 9
[TEST NUM]: 9	11
[WRONG] 170 2013-02-25 0 1 10 1
[TEST NUM]: 1	11
171 2013-02-26 0 0 1 10
[TEST NUM]: 10	11
172 2013-02-27 0 0 0 11
[TEST NUM]: 11	11
[WRONG] 173 2013-02-28 0 1 11 0
[TEST NUM]: 0	11
174 2013-03-01 0 0 1 10
[TEST NUM]: 10	11
175 2013-03-04 0 0 0 11
[TEST NUM]: 11	11
176 2013-03-05 0 0 0 11
[TEST NUM]: 11	11
177 2013-03-06 0 0 4 7
[TEST NUM]: 7	11
178 2013-03-07 0 0 0 11
[TEST NUM]: 11	11
Loss:6.09701e-05
Accuracy:104/178 0.58427
Command: ../cnn/stock_vis/StockHierAvgSamplingFinetuneTfIdfResReg /GSPC.tok /home/wangl/stockvis/new_scripts/../data_new3/bloomberg.50.clean.pretrained.vec /home/wangl/stockvis/new_scripts/../data_new3/GSPC.train.clean.csv /home/wangl/stockvis/new_scripts/../data_new3/GSPC.test.clean.csv ../const_lookup/GSPC.tok.hier.avg_50_64_0.5_pid.1354 
[cnn] random seed: 4
[cnn] allocating memory: 512MB
[cnn] memory allocation done.
Reading Pretrained Word Vectors ... /home/wangl/stockvis/new_scripts/../data_new3/bloomberg.50.clean.pretrained.vec
Pretrained Embeddings: 32825
Reading training data from /home/wangl/stockvis/new_scripts/../data_new3/GSPC.train.clean.csv...
[LOG] Before Pruning there are 3256659 words and 75947 types.
[LOG] After Pruning there are 990916 words and 27574 types.
[LOG] WordDict Size: 46587
1425 lines, 3256659 tokens, 46587 types
Total Training Examples: 1425
Positive Training Examples: 780 0.547368
Negative Training Examples: 645 0.452632
Reading dev data from /home/wangl/stockvis/new_scripts/../data_new3/GSPC.test.clean.csv...
179 lines, 771426 tokens
Total Dev Examples: 179
Positive DEV Examples: 105 0.586592
Negative DEV Examples: 74 0.413408
Parameters will be written to: /GSPC.tok.hier.avg_50_64_0.5_pid.4573
1 2013-03-08 0 0 0 11
[TEST NUM]: 11	11
2 2013-03-11 0 0 0 11
[TEST NUM]: 11	11
[WRONG] 3 2013-03-12 0 1 10 1
[TEST NUM]: 1	11
4 2013-03-13 0 0 0 11
[TEST NUM]: 11	11
5 2013-03-14 0 0 1 10
[TEST NUM]: 10	11
[WRONG] 6 2013-03-15 0 1 8 3
[TEST NUM]: 3	11
[WRONG] 7 2013-03-18 0 1 11 0
[TEST NUM]: 0	11
[WRONG] 8 2013-03-19 0 1 11 0
[TEST NUM]: 0	11
9 2013-03-20 0 0 0 11
[TEST NUM]: 11	11
[WRONG] 10 2013-03-21 0 1 10 1
[TEST NUM]: 1	11
11 2013-03-22 0 0 1 10
[TEST NUM]: 10	11
[WRONG] 12 2013-03-25 0 1 11 0
[TEST NUM]: 0	11
13 2013-03-26 0 0 1 10
[TEST NUM]: 10	11
[WRONG] 14 2013-03-27 0 1 11 0
[TEST NUM]: 0	11
15 2013-03-28 0 0 0 11
[TEST NUM]: 11	11
[WRONG] 16 2013-04-01 0 1 11 0
[TEST NUM]: 0	11
17 2013-04-02 0 0 3 8
[TEST NUM]: 8	11
[WRONG] 18 2013-04-03 0 1 11 0
[TEST NUM]: 0	11
19 2013-04-04 0 0 1 10
[TEST NUM]: 10	11
[WRONG] 20 2013-04-05 0 1 11 0
[TEST NUM]: 0	11
21 2013-04-08 0 0 0 11
[TEST NUM]: 11	11
22 2013-04-09 0 0 0 11
[TEST NUM]: 11	11
23 2013-04-10 0 0 5 6
[TEST NUM]: 6	11
24 2013-04-11 0 0 0 11
[TEST NUM]: 11	11
[WRONG] 25 2013-04-12 0 1 11 0
[TEST NUM]: 0	11
[WRONG] 26 2013-04-15 0 1 11 0
[TEST NUM]: 0	11
27 2013-04-16 0 0 0 11
[TEST NUM]: 11	11
[WRONG] 28 2013-04-17 0 1 10 1
[TEST NUM]: 1	11
[WRONG] 29 2013-04-18 0 1 11 0
[TEST NUM]: 0	11
30 2013-04-19 0 0 0 11
[TEST NUM]: 11	11
31 2013-04-22 0 0 0 11
[TEST NUM]: 11	11
32 2013-04-23 0 0 0 11
[TEST NUM]: 11	11
33 2013-04-24 0 0 0 11
[TEST NUM]: 11	11
34 2013-04-25 0 0 0 11
[TEST NUM]: 11	11
[WRONG] 35 2013-04-26 0 1 10 1
[TEST NUM]: 1	11
36 2013-04-29 0 0 0 11
[TEST NUM]: 11	11
37 2013-04-30 0 0 0 11
[TEST NUM]: 11	11
[WRONG] 38 2013-05-01 0 1 9 2
[TEST NUM]: 2	11
39 2013-05-02 0 0 0 11
[TEST NUM]: 11	11
40 2013-05-03 0 0 0 11
[TEST NUM]: 11	11
41 2013-05-06 0 0 0 11
[TEST NUM]: 11	11
42 2013-05-07 0 0 2 9
[TEST NUM]: 9	11
43 2013-05-08 0 0 0 11
[TEST NUM]: 11	11
[WRONG] 44 2013-05-09 0 1 9 2
[TEST NUM]: 2	11
45 2013-05-10 0 0 0 11
[TEST NUM]: 11	11
46 2013-05-13 0 0 0 11
[TEST NUM]: 11	11
47 2013-05-14 0 0 0 11
[TEST NUM]: 11	11
48 2013-05-15 0 0 0 11
[TEST NUM]: 11	11
[WRONG] 49 2013-05-16 0 1 11 0
[TEST NUM]: 0	11
50 2013-05-17 0 0 0 11
[TEST NUM]: 11	11
51 2013-05-20 0 0 0 11
[TEST NUM]: 11	11
52 2013-05-21 0 0 0 11
[TEST NUM]: 11	11
[WRONG] 53 2013-05-22 0 1 9 2
[TEST NUM]: 2	11
[WRONG] 54 2013-05-23 0 1 11 0
[TEST NUM]: 0	11
55 2013-05-24 0 0 0 11
[TEST NUM]: 11	11
56 2013-05-28 0 0 0 11
[TEST NUM]: 11	11
[WRONG] 57 2013-05-29 0 1 11 0
[TEST NUM]: 0	11
58 2013-05-30 0 0 3 8
[TEST NUM]: 8	11
[WRONG] 59 2013-05-31 0 1 11 0
[TEST NUM]: 0	11
60 2013-06-03 0 0 0 11
[TEST NUM]: 11	11
[WRONG] 61 2013-06-04 0 1 11 0
[TEST NUM]: 0	11
[WRONG] 62 2013-06-05 0 1 11 0
[TEST NUM]: 0	11
63 2013-06-06 0 0 1 10
[TEST NUM]: 10	11
64 2013-06-07 0 0 0 11
[TEST NUM]: 11	11
[WRONG] 65 2013-06-10 0 1 9 2
[TEST NUM]: 2	11
[WRONG] 66 2013-06-11 0 1 10 1
[TEST NUM]: 1	11
[WRONG] 67 2013-06-12 0 1 11 0
[TEST NUM]: 0	11
68 2013-06-13 0 0 0 11
[TEST NUM]: 11	11
[WRONG] 69 2013-06-14 0 1 11 0
[TEST NUM]: 0	11
70 2013-06-17 0 0 0 11
[TEST NUM]: 11	11
71 2013-06-18 0 0 0 11
[TEST NUM]: 11	11
[WRONG] 72 2013-06-19 0 1 11 0
[TEST NUM]: 0	11
[WRONG] 73 2013-06-20 0 1 11 0
[TEST NUM]: 0	11
74 2013-06-21 0 0 0 11
[TEST NUM]: 11	11
[WRONG] 75 2013-06-24 0 1 11 0
[TEST NUM]: 0	11
76 2013-06-25 0 0 0 11
[TEST NUM]: 11	11
77 2013-06-26 0 0 0 11
[TEST NUM]: 11	11
78 2013-06-27 0 0 0 11
[TEST NUM]: 11	11
[WRONG] 79 2013-06-28 0 1 11 0
[TEST NUM]: 0	11
80 2013-07-01 0 0 0 11
[TEST NUM]: 11	11
[WRONG] 81 2013-07-02 0 1 9 2
[TEST NUM]: 2	11
82 2013-07-03 0 0 0 11
[TEST NUM]: 11	11
83 2013-07-05 0 0 0 11
[TEST NUM]: 11	11
84 2013-07-08 0 0 0 11
[TEST NUM]: 11	11
85 2013-07-09 0 0 1 10
[TEST NUM]: 10	11
86 2013-07-10 0 0 0 11
[TEST NUM]: 11	11
87 2013-07-11 0 0 0 11
[TEST NUM]: 11	11
88 2013-07-12 0 0 0 11
[TEST NUM]: 11	11
89 2013-07-15 0 0 0 11
[TEST NUM]: 11	11
[WRONG] 90 2013-07-16 0 1 11 0
[TEST NUM]: 0	11
91 2013-07-17 0 0 0 11
[TEST NUM]: 11	11
92 2013-07-18 0 0 0 11
[TEST NUM]: 11	11
93 2013-07-19 0 0 0 11
[TEST NUM]: 11	11
94 2013-07-22 0 0 0 11
[TEST NUM]: 11	11
[WRONG] 95 2013-07-23 0 1 11 0
[TEST NUM]: 0	11
[WRONG] 96 2013-07-24 0 1 11 0
[TEST NUM]: 0	11
97 2013-07-25 0 0 0 11
[TEST NUM]: 11	11
98 2013-07-26 0 0 0 11
[TEST NUM]: 11	11
[WRONG] 99 2013-07-29 0 1 11 0
[TEST NUM]: 0	11
[WRONG] 100 2013-07-30 0 1 11 0
[TEST NUM]: 0	11
[WRONG] 101 2013-07-31 0 1 11 0
[TEST NUM]: 0	11
102 2013-08-01 0 0 0 11
[TEST NUM]: 11	11
103 2013-08-02 0 0 0 11
[TEST NUM]: 11	11
[WRONG] 104 2013-08-05 0 1 11 0
[TEST NUM]: 0	11
[WRONG] 105 2013-08-06 0 1 11 0
[TEST NUM]: 0	11
[WRONG] 106 2013-08-07 0 1 11 0
[TEST NUM]: 0	11
107 2013-08-08 0 0 3 8
[TEST NUM]: 8	11
[WRONG] 108 2013-08-09 0 1 8 3
[TEST NUM]: 3	11
109 2013-08-12 0 0 1 10
[TEST NUM]: 10	11
110 2013-08-13 0 0 0 11
[TEST NUM]: 11	11
[WRONG] 111 2013-08-14 0 1 11 0
[TEST NUM]: 0	11
[WRONG] 112 2013-08-15 0 1 11 0
[TEST NUM]: 0	11
113 2013-08-16 0 0 4 7
[TEST NUM]: 7	11
[WRONG] 114 2013-08-19 0 1 11 0
[TEST NUM]: 0	11
115 2013-08-20 0 0 2 9
[TEST NUM]: 9	11
[WRONG] 116 2013-08-21 0 1 11 0
[TEST NUM]: 0	11
117 2013-08-22 0 0 0 11
[TEST NUM]: 11	11
118 2013-08-23 0 0 3 8
[TEST NUM]: 8	11
[WRONG] 119 2013-08-26 0 1 11 0
[TEST NUM]: 0	11
[WRONG] 120 2013-08-27 0 1 11 0
[TEST NUM]: 0	11
121 2013-08-28 0 0 0 11
[TEST NUM]: 11	11
122 2013-08-29 0 0 0 11
[TEST NUM]: 11	11
[WRONG] 123 2013-08-30 0 1 11 0
[TEST NUM]: 0	11
124 2013-09-03 0 0 3 8
[TEST NUM]: 8	11
125 2013-09-04 0 0 0 11
[TEST NUM]: 11	11
126 2013-09-05 0 0 1 10
[TEST NUM]: 10	11
[WRONG] 127 2013-09-06 0 1 11 0
[TEST NUM]: 0	11
128 2013-09-09 0 0 0 11
[TEST NUM]: 11	11
129 2013-09-10 0 0 0 11
[TEST NUM]: 11	11
130 2013-09-11 0 0 1 10
[TEST NUM]: 10	11
[WRONG] 131 2013-09-12 0 1 11 0
[TEST NUM]: 0	11
132 2013-09-13 0 0 0 11
[TEST NUM]: 11	11
133 2013-09-16 0 0 0 11
[TEST NUM]: 11	11
134 2013-09-17 0 0 1 10
[TEST NUM]: 10	11
135 2013-09-18 0 0 0 11
[TEST NUM]: 11	11
[WRONG] 136 2013-09-19 0 1 11 0
[TEST NUM]: 0	11
[WRONG] 137 2013-09-20 0 1 11 0
[TEST NUM]: 0	11
[WRONG] 138 2013-09-23 0 1 11 0
[TEST NUM]: 0	11
[WRONG] 139 2013-09-24 0 1 9 2
[TEST NUM]: 2	11
[WRONG] 140 2013-09-25 0 1 8 3
[TEST NUM]: 3	11
141 2013-09-26 0 0 0 11
[TEST NUM]: 11	11
[WRONG] 142 2013-09-27 0 1 10 1
[TEST NUM]: 1	11
[WRONG] 143 2013-09-30 0 1 11 0
[TEST NUM]: 0	11
144 2013-10-01 0 0 0 11
[TEST NUM]: 11	11
145 2013-10-02 0 0 0 11
[TEST NUM]: 11	11
[WRONG] 146 2013-10-03 0 1 11 0
[TEST NUM]: 0	11
147 2013-10-04 0 0 0 11
[TEST NUM]: 11	11
[WRONG] 148 2013-10-07 0 1 11 0
[TEST NUM]: 0	11
[WRONG] 149 2013-10-08 0 1 11 0
[TEST NUM]: 0	11
[WRONG] 150 2013-10-09 0 1 9 2
[TEST NUM]: 2	11
151 2013-10-10 0 0 0 11
[TEST NUM]: 11	11
152 2013-10-11 0 0 0 11
[TEST NUM]: 11	11
153 2013-10-14 0 0 0 11
[TEST NUM]: 11	11
[WRONG] 154 2013-10-15 0 1 11 0
[TEST NUM]: 0	11
155 2013-10-16 0 0 2 9
[TEST NUM]: 9	11
156 2013-10-17 0 0 0 11
[TEST NUM]: 11	11
157 2013-10-18 0 0 0 11
[TEST NUM]: 11	11
[WRONG] 158 2013-10-21 0 1 11 0
[TEST NUM]: 0	11
159 2013-10-22 0 0 0 11
[TEST NUM]: 11	11
[WRONG] 160 2013-10-23 0 1 8 3
[TEST NUM]: 3	11
161 2013-10-24 0 0 3 8
[TEST NUM]: 8	11
162 2013-10-25 0 0 0 11
[TEST NUM]: 11	11
163 2013-10-28 0 0 1 10
[TEST NUM]: 10	11
164 2013-10-29 0 0 0 11
[TEST NUM]: 11	11
165 2013-10-30 0 0 3 8
[TEST NUM]: 8	11
[WRONG] 166 2013-10-31 0 1 10 1
[TEST NUM]: 1	11
167 2013-11-01 0 0 1 10
[TEST NUM]: 10	11
168 2013-11-04 0 0 0 11
[TEST NUM]: 11	11
[WRONG] 169 2013-11-05 0 1 9 2
[TEST NUM]: 2	11
170 2013-11-06 0 0 2 9
[TEST NUM]: 9	11
[WRONG] 171 2013-11-07 0 1 11 0
[TEST NUM]: 0	11
172 2013-11-08 0 0 0 11
[TEST NUM]: 11	11
173 2013-11-11 0 0 0 11
[TEST NUM]: 11	11
[WRONG] 174 2013-11-12 0 1 11 0
[TEST NUM]: 0	11
175 2013-11-13 0 0 0 11
[TEST NUM]: 11	11
176 2013-11-14 0 0 1 10
[TEST NUM]: 10	11
177 2013-11-15 0 0 0 11
[TEST NUM]: 11	11
[WRONG] 178 2013-11-18 0 1 11 0
[TEST NUM]: 0	11
[WRONG] 179 2013-11-19 0 1 11 0
[TEST NUM]: 0	11
Loss:4.49994e-05
Accuracy:107/179 0.597765
Command: ../cnn/stock_vis/StockHierAvgSamplingFinetuneTfIdfResReg /GSPC.tok /home/wangl/stockvis/new_scripts/../data_new3/bloomberg.50.clean.pretrained.vec /home/wangl/stockvis/new_scripts/../data_new3/GSPC.train.clean.csv /home/wangl/stockvis/new_scripts/../data_new3/GSPC.train.clean.csv ../const_lookup/GSPC.tok.hier.avg_50_64_0.5_pid.1354 
[cnn] random seed: 4
[cnn] allocating memory: 512MB
[cnn] memory allocation done.
Reading Pretrained Word Vectors ... /home/wangl/stockvis/new_scripts/../data_new3/bloomberg.50.clean.pretrained.vec
Pretrained Embeddings: 32825
Reading training data from /home/wangl/stockvis/new_scripts/../data_new3/GSPC.train.clean.csv...
[LOG] Before Pruning there are 3256659 words and 75947 types.
[LOG] After Pruning there are 990916 words and 27574 types.
[LOG] WordDict Size: 46587
1425 lines, 3256659 tokens, 46587 types
Total Training Examples: 1425
Positive Training Examples: 780 0.547368
Negative Training Examples: 645 0.452632
Reading dev data from /home/wangl/stockvis/new_scripts/../data_new3/GSPC.train.clean.csv...
1425 lines, 3256659 tokens
Total Dev Examples: 1425
Positive DEV Examples: 780 0.547368
Negative DEV Examples: 645 0.452632
Parameters will be written to: /GSPC.tok.hier.avg_50_64_0.5_pid.4575
1 2006-10-23 0 0 4 7
[TEST NUM]: 7	11
[WRONG] 2 2006-10-24 0 1 11 0
[TEST NUM]: 0	11
[WRONG] 3 2006-10-25 0 1 10 1
[TEST NUM]: 1	11
[WRONG] 4 2006-10-26 0 1 8 3
[TEST NUM]: 3	11
5 2006-10-27 0 0 0 11
[TEST NUM]: 11	11
[WRONG] 6 2006-10-30 0 1 11 0
[TEST NUM]: 0	11
[WRONG] 7 2006-10-31 0 1 10 1
[TEST NUM]: 1	11
8 2006-11-01 0 0 3 8
[TEST NUM]: 8	11
9 2006-11-02 0 0 4 7
[TEST NUM]: 7	11
10 2006-11-03 0 0 2 9
[TEST NUM]: 9	11
[WRONG] 11 2006-11-06 0 1 7 4
[TEST NUM]: 4	11
[WRONG] 12 2006-11-07 0 1 10 1
[TEST NUM]: 1	11
[WRONG] 13 2006-11-08 0 1 6 5
[TEST NUM]: 5	11
14 2006-11-09 0 0 0 11
[TEST NUM]: 11	11
[WRONG] 15 2006-11-10 0 1 11 0
[TEST NUM]: 0	11
[WRONG] 16 2006-11-13 0 1 7 4
[TEST NUM]: 4	11
[WRONG] 17 2006-11-14 0 1 11 0
[TEST NUM]: 0	11
[WRONG] 18 2006-11-15 0 1 6 5
[TEST NUM]: 5	11
[WRONG] 19 2006-11-16 0 1 6 5
[TEST NUM]: 5	11
20 2006-11-17 0 0 1 10
[TEST NUM]: 10	11
21 2006-11-20 0 0 1 10
[TEST NUM]: 10	11
[WRONG] 22 2006-11-21 0 1 6 5
[TEST NUM]: 5	11
23 2006-11-22 0 0 1 10
[TEST NUM]: 10	11
24 2006-11-24 0 0 5 6
[TEST NUM]: 6	11
25 2006-11-27 0 0 1 10
[TEST NUM]: 10	11
[WRONG] 26 2006-11-28 0 1 11 0
[TEST NUM]: 0	11
27 2006-11-29 0 0 5 6
[TEST NUM]: 6	11
[WRONG] 28 2006-11-30 0 1 10 1
[TEST NUM]: 1	11
29 2006-12-01 0 0 0 11
[TEST NUM]: 11	11
[WRONG] 30 2006-12-04 0 1 7 4
[TEST NUM]: 4	11
[WRONG] 31 2006-12-05 0 1 8 3
[TEST NUM]: 3	11
[WRONG] 32 2006-12-06 0 1 6 5
[TEST NUM]: 5	11
33 2006-12-07 0 0 1 10
[TEST NUM]: 10	11
[WRONG] 34 2006-12-08 0 1 10 1
[TEST NUM]: 1	11
35 2006-12-11 0 0 5 6
[TEST NUM]: 6	11
36 2006-12-12 0 0 4 7
[TEST NUM]: 7	11
[WRONG] 37 2006-12-13 0 1 11 0
[TEST NUM]: 0	11
38 2006-12-14 0 0 5 6
[TEST NUM]: 6	11
[WRONG] 39 2006-12-15 0 1 7 4
[TEST NUM]: 4	11
[WRONG] 40 2006-12-18 0 1 9 2
[TEST NUM]: 2	11
[WRONG] 41 2006-12-19 0 1 11 0
[TEST NUM]: 0	11
42 2006-12-20 0 0 3 8
[TEST NUM]: 8	11
43 2006-12-21 0 0 5 6
[TEST NUM]: 6	11
44 2006-12-22 0 0 2 9
[TEST NUM]: 9	11
[WRONG] 45 2006-12-26 0 1 11 0
[TEST NUM]: 0	11
46 2006-12-27 0 0 3 8
[TEST NUM]: 8	11
47 2006-12-28 0 0 0 11
[TEST NUM]: 11	11
48 2006-12-29 0 0 2 9
[TEST NUM]: 9	11
[WRONG] 49 2007-01-03 0 1 9 2
[TEST NUM]: 2	11
[WRONG] 50 2007-01-04 0 1 9 2
[TEST NUM]: 2	11
51 2007-01-05 0 0 0 11
[TEST NUM]: 11	11
52 2007-01-08 0 0 4 7
[TEST NUM]: 7	11
53 2007-01-09 0 0 3 8
[TEST NUM]: 8	11
[WRONG] 54 2007-01-10 0 1 7 4
[TEST NUM]: 4	11
[WRONG] 55 2007-01-11 0 1 9 2
[TEST NUM]: 2	11
[WRONG] 56 2007-01-12 0 1 7 4
[TEST NUM]: 4	11
57 2007-01-16 0 0 4 7
[TEST NUM]: 7	11
58 2007-01-17 0 0 3 8
[TEST NUM]: 8	11
59 2007-01-18 0 0 1 10
[TEST NUM]: 10	11
[WRONG] 60 2007-01-19 0 1 7 4
[TEST NUM]: 4	11
61 2007-01-22 0 0 4 7
[TEST NUM]: 7	11
[WRONG] 62 2007-01-23 0 1 11 0
[TEST NUM]: 0	11
[WRONG] 63 2007-01-24 0 1 10 1
[TEST NUM]: 1	11
64 2007-01-25 0 0 2 9
[TEST NUM]: 9	11
65 2007-01-26 0 0 1 10
[TEST NUM]: 10	11
66 2007-01-29 0 0 4 7
[TEST NUM]: 7	11
[WRONG] 67 2007-01-30 0 1 10 1
[TEST NUM]: 1	11
[WRONG] 68 2007-01-31 0 1 8 3
[TEST NUM]: 3	11
[WRONG] 69 2007-02-01 0 1 11 0
[TEST NUM]: 0	11
[WRONG] 70 2007-02-02 0 1 10 1
[TEST NUM]: 1	11
71 2007-02-05 0 0 3 8
[TEST NUM]: 8	11
72 2007-02-06 0 0 5 6
[TEST NUM]: 6	11
[WRONG] 73 2007-02-07 0 1 10 1
[TEST NUM]: 1	11
74 2007-02-08 0 0 0 11
[TEST NUM]: 11	11
75 2007-02-09 0 0 0 11
[TEST NUM]: 11	11
76 2007-02-12 0 0 4 7
[TEST NUM]: 7	11
[WRONG] 77 2007-02-13 0 1 6 5
[TEST NUM]: 5	11
[WRONG] 78 2007-02-14 0 1 11 0
[TEST NUM]: 0	11
[WRONG] 79 2007-02-15 0 1 7 4
[TEST NUM]: 4	11
80 2007-02-16 0 0 2 9
[TEST NUM]: 9	11
[WRONG] 81 2007-02-20 0 1 6 5
[TEST NUM]: 5	11
82 2007-02-21 0 0 2 9
[TEST NUM]: 9	11
83 2007-02-22 0 0 2 9
[TEST NUM]: 9	11
84 2007-02-23 0 0 5 6
[TEST NUM]: 6	11
85 2007-02-26 0 0 0 11
[TEST NUM]: 11	11
[WRONG] 86 2007-02-27 0 1 6 5
[TEST NUM]: 5	11
[WRONG] 87 2007-02-28 0 1 10 1
[TEST NUM]: 1	11
88 2007-03-01 0 0 4 7
[TEST NUM]: 7	11
89 2007-03-02 0 0 2 9
[TEST NUM]: 9	11
90 2007-03-05 0 0 4 7
[TEST NUM]: 7	11
91 2007-03-06 0 0 5 6
[TEST NUM]: 6	11
92 2007-03-07 0 0 2 9
[TEST NUM]: 9	11
[WRONG] 93 2007-03-08 0 1 10 1
[TEST NUM]: 1	11
[WRONG] 94 2007-03-09 0 1 10 1
[TEST NUM]: 1	11
[WRONG] 95 2007-03-12 0 1 11 0
[TEST NUM]: 0	11
96 2007-03-13 0 0 5 6
[TEST NUM]: 6	11
97 2007-03-14 0 0 0 11
[TEST NUM]: 11	11
98 2007-03-15 0 0 5 6
[TEST NUM]: 6	11
[WRONG] 99 2007-03-16 0 1 8 3
[TEST NUM]: 3	11
100 2007-03-19 0 0 3 8
[TEST NUM]: 8	11
[WRONG] 101 2007-03-20 0 1 10 1
[TEST NUM]: 1	11
[WRONG] 102 2007-03-21 0 1 7 4
[TEST NUM]: 4	11
103 2007-03-22 0 0 3 8
[TEST NUM]: 8	11
[WRONG] 104 2007-03-23 0 1 9 2
[TEST NUM]: 2	11
[WRONG] 105 2007-03-26 0 1 10 1
[TEST NUM]: 1	11
106 2007-03-27 0 0 3 8
[TEST NUM]: 8	11
107 2007-03-28 0 0 3 8
[TEST NUM]: 8	11
108 2007-03-29 0 0 4 7
[TEST NUM]: 7	11
109 2007-03-30 0 0 2 9
[TEST NUM]: 9	11
[WRONG] 110 2007-04-02 0 1 9 2
[TEST NUM]: 2	11
111 2007-04-03 0 0 2 9
[TEST NUM]: 9	11
112 2007-04-04 0 0 3 8
[TEST NUM]: 8	11
113 2007-04-05 0 0 2 9
[TEST NUM]: 9	11
[WRONG] 114 2007-04-09 0 1 9 2
[TEST NUM]: 2	11
[WRONG] 115 2007-04-10 0 1 8 3
[TEST NUM]: 3	11
116 2007-04-11 0 0 0 11
[TEST NUM]: 11	11
[WRONG] 117 2007-04-12 0 1 10 1
[TEST NUM]: 1	11
[WRONG] 118 2007-04-13 0 1 11 0
[TEST NUM]: 0	11
119 2007-04-16 0 0 2 9
[TEST NUM]: 9	11
[WRONG] 120 2007-04-17 0 1 9 2
[TEST NUM]: 2	11
[WRONG] 121 2007-04-18 0 1 8 3
[TEST NUM]: 3	11
122 2007-04-19 0 0 3 8
[TEST NUM]: 8	11
[WRONG] 123 2007-04-20 0 1 9 2
[TEST NUM]: 2	11
[WRONG] 124 2007-04-23 0 1 8 3
[TEST NUM]: 3	11
[WRONG] 125 2007-04-24 0 1 6 5
[TEST NUM]: 5	11
[WRONG] 126 2007-04-25 0 1 8 3
[TEST NUM]: 3	11
127 2007-04-26 0 0 0 11
[TEST NUM]: 11	11
128 2007-04-27 0 0 0 11
[TEST NUM]: 11	11
[WRONG] 129 2007-04-30 0 1 7 4
[TEST NUM]: 4	11
130 2007-05-01 0 0 5 6
[TEST NUM]: 6	11
[WRONG] 131 2007-05-02 0 1 6 5
[TEST NUM]: 5	11
[WRONG] 132 2007-05-03 0 1 11 0
[TEST NUM]: 0	11
[WRONG] 133 2007-05-04 0 1 6 5
[TEST NUM]: 5	11
[WRONG] 134 2007-05-07 0 1 6 5
[TEST NUM]: 5	11
135 2007-05-08 0 0 2 9
[TEST NUM]: 9	11
136 2007-05-09 0 0 2 9
[TEST NUM]: 9	11
137 2007-05-10 0 0 1 10
[TEST NUM]: 10	11
[WRONG] 138 2007-05-11 0 1 11 0
[TEST NUM]: 0	11
[WRONG] 139 2007-05-14 0 1 7 4
[TEST NUM]: 4	11
140 2007-05-15 0 0 1 10
[TEST NUM]: 10	11
141 2007-05-16 0 0 4 7
[TEST NUM]: 7	11
142 2007-05-17 0 0 3 8
[TEST NUM]: 8	11
143 2007-05-18 0 0 4 7
[TEST NUM]: 7	11
144 2007-05-21 0 0 5 6
[TEST NUM]: 6	11
[WRONG] 145 2007-05-22 0 1 6 5
[TEST NUM]: 5	11
146 2007-05-23 0 0 0 11
[TEST NUM]: 11	11
147 2007-05-24 0 0 4 7
[TEST NUM]: 7	11
148 2007-05-25 0 0 4 7
[TEST NUM]: 7	11
[WRONG] 149 2007-05-29 0 1 7 4
[TEST NUM]: 4	11
[WRONG] 150 2007-05-30 0 1 10 1
[TEST NUM]: 1	11
151 2007-05-31 0 0 2 9
[TEST NUM]: 9	11
[WRONG] 152 2007-06-01 0 1 10 1
[TEST NUM]: 1	11
[WRONG] 153 2007-06-04 0 1 9 2
[TEST NUM]: 2	11
[WRONG] 154 2007-06-05 0 1 6 5
[TEST NUM]: 5	11
155 2007-06-06 0 0 1 10
[TEST NUM]: 10	11
156 2007-06-07 0 0 4 7
[TEST NUM]: 7	11
157 2007-06-08 0 0 4 7
[TEST NUM]: 7	11
158 2007-06-11 0 0 1 10
[TEST NUM]: 10	11
[WRONG] 159 2007-06-12 0 1 7 4
[TEST NUM]: 4	11
[WRONG] 160 2007-06-13 0 1 9 2
[TEST NUM]: 2	11
[WRONG] 161 2007-06-14 0 1 7 4
[TEST NUM]: 4	11
162 2007-06-15 0 0 4 7
[TEST NUM]: 7	11
163 2007-06-18 0 0 0 11
[TEST NUM]: 11	11
[WRONG] 164 2007-06-19 0 1 11 0
[TEST NUM]: 0	11
165 2007-06-20 0 0 0 11
[TEST NUM]: 11	11
166 2007-06-21 0 0 5 6
[TEST NUM]: 6	11
167 2007-06-22 0 0 1 10
[TEST NUM]: 10	11
168 2007-06-25 0 0 0 11
[TEST NUM]: 11	11
[WRONG] 169 2007-06-26 0 1 6 5
[TEST NUM]: 5	11
[WRONG] 170 2007-06-27 0 1 7 4
[TEST NUM]: 4	11
171 2007-06-28 0 0 0 11
[TEST NUM]: 11	11
172 2007-06-29 0 0 5 6
[TEST NUM]: 6	11
173 2007-07-02 0 0 3 8
[TEST NUM]: 8	11
[WRONG] 174 2007-07-03 0 1 9 2
[TEST NUM]: 2	11
175 2007-07-05 0 0 5 6
[TEST NUM]: 6	11
[WRONG] 176 2007-07-06 0 1 11 0
[TEST NUM]: 0	11
177 2007-07-09 0 0 2 9
[TEST NUM]: 9	11
178 2007-07-10 0 0 4 7
[TEST NUM]: 7	11
179 2007-07-11 0 0 2 9
[TEST NUM]: 9	11
[WRONG] 180 2007-07-12 0 1 6 5
[TEST NUM]: 5	11
181 2007-07-13 0 0 5 6
[TEST NUM]: 6	11
182 2007-07-16 0 0 4 7
[TEST NUM]: 7	11
183 2007-07-17 0 0 1 10
[TEST NUM]: 10	11
184 2007-07-18 0 0 1 10
[TEST NUM]: 10	11
[WRONG] 185 2007-07-19 0 1 8 3
[TEST NUM]: 3	11
186 2007-07-20 0 0 2 9
[TEST NUM]: 9	11
187 2007-07-23 0 0 5 6
[TEST NUM]: 6	11
188 2007-07-24 0 0 0 11
[TEST NUM]: 11	11
[WRONG] 189 2007-07-25 0 1 10 1
[TEST NUM]: 1	11
190 2007-07-26 0 0 0 11
[TEST NUM]: 11	11
191 2007-07-27 0 0 1 10
[TEST NUM]: 10	11
[WRONG] 192 2007-07-30 0 1 8 3
[TEST NUM]: 3	11
193 2007-07-31 0 0 0 11
[TEST NUM]: 11	11
[WRONG] 194 2007-08-01 0 1 9 2
[TEST NUM]: 2	11
[WRONG] 195 2007-08-02 0 1 9 2
[TEST NUM]: 2	11
196 2007-08-03 0 0 3 8
[TEST NUM]: 8	11
[WRONG] 197 2007-08-06 0 1 10 1
[TEST NUM]: 1	11
[WRONG] 198 2007-08-07 0 1 10 1
[TEST NUM]: 1	11
[WRONG] 199 2007-08-08 0 1 10 1
[TEST NUM]: 1	11
200 2007-08-09 0 0 0 11
[TEST NUM]: 11	11
201 2007-08-10 0 0 4 7
[TEST NUM]: 7	11
[WRONG] 202 2007-08-13 0 1 6 5
[TEST NUM]: 5	11
203 2007-08-14 0 0 3 8
[TEST NUM]: 8	11
204 2007-08-15 0 0 5 6
[TEST NUM]: 6	11
[WRONG] 205 2007-08-16 0 1 6 5
[TEST NUM]: 5	11
206 2007-08-17 0 0 3 8
[TEST NUM]: 8	11
207 2007-08-20 0 0 3 8
[TEST NUM]: 8	11
[WRONG] 208 2007-08-21 0 1 11 0
[TEST NUM]: 0	11
[WRONG] 209 2007-08-22 0 1 10 1
[TEST NUM]: 1	11
210 2007-08-23 0 0 2 9
[TEST NUM]: 9	11
211 2007-08-24 0 0 5 6
[TEST NUM]: 6	11
212 2007-08-27 0 0 2 9
[TEST NUM]: 9	11
213 2007-08-28 0 0 0 11
[TEST NUM]: 11	11
[WRONG] 214 2007-08-29 0 1 9 2
[TEST NUM]: 2	11
215 2007-08-30 0 0 4 7
[TEST NUM]: 7	11
216 2007-08-31 0 0 1 10
[TEST NUM]: 10	11
[WRONG] 217 2007-09-04 0 1 9 2
[TEST NUM]: 2	11
218 2007-09-05 0 0 2 9
[TEST NUM]: 9	11
219 2007-09-06 0 0 2 9
[TEST NUM]: 9	11
220 2007-09-07 0 0 1 10
[TEST NUM]: 10	11
[WRONG] 221 2007-09-10 0 1 7 4
[TEST NUM]: 4	11
[WRONG] 222 2007-09-11 0 1 10 1
[TEST NUM]: 1	11
[WRONG] 223 2007-09-12 0 1 9 2
[TEST NUM]: 2	11
224 2007-09-13 0 0 0 11
[TEST NUM]: 11	11
[WRONG] 225 2007-09-14 0 1 9 2
[TEST NUM]: 2	11
[WRONG] 226 2007-09-17 0 1 6 5
[TEST NUM]: 5	11
227 2007-09-18 0 0 5 6
[TEST NUM]: 6	11
[WRONG] 228 2007-09-19 0 1 7 4
[TEST NUM]: 4	11
229 2007-09-20 0 0 1 10
[TEST NUM]: 10	11
[WRONG] 230 2007-09-21 0 1 11 0
[TEST NUM]: 0	11
231 2007-09-24 0 0 3 8
[TEST NUM]: 8	11
232 2007-09-25 0 0 4 7
[TEST NUM]: 7	11
233 2007-09-26 0 0 4 7
[TEST NUM]: 7	11
[WRONG] 234 2007-09-27 0 1 10 1
[TEST NUM]: 1	11
[WRONG] 235 2007-09-28 0 1 7 4
[TEST NUM]: 4	11
236 2007-10-01 0 0 5 6
[TEST NUM]: 6	11
237 2007-10-02 0 0 1 10
[TEST NUM]: 10	11
238 2007-10-03 0 0 1 10
[TEST NUM]: 10	11
[WRONG] 239 2007-10-04 0 1 11 0
[TEST NUM]: 0	11
[WRONG] 240 2007-10-05 0 1 7 4
[TEST NUM]: 4	11
[WRONG] 241 2007-10-08 0 1 8 3
[TEST NUM]: 3	11
[WRONG] 242 2007-10-09 0 1 11 0
[TEST NUM]: 0	11
243 2007-10-10 0 0 0 11
[TEST NUM]: 11	11
244 2007-10-11 0 0 0 11
[TEST NUM]: 11	11
[WRONG] 245 2007-10-12 0 1 7 4
[TEST NUM]: 4	11
[WRONG] 246 2007-10-15 0 1 7 4
[TEST NUM]: 4	11
247 2007-10-16 0 0 3 8
[TEST NUM]: 8	11
248 2007-10-17 0 0 2 9
[TEST NUM]: 9	11
[WRONG] 249 2007-10-18 0 1 7 4
[TEST NUM]: 4	11
250 2007-10-19 0 0 0 11
[TEST NUM]: 11	11
251 2007-10-22 0 0 5 6
[TEST NUM]: 6	11
[WRONG] 252 2007-10-23 0 1 7 4
[TEST NUM]: 4	11
253 2007-10-24 0 0 2 9
[TEST NUM]: 9	11
[WRONG] 254 2007-10-25 0 1 9 2
[TEST NUM]: 2	11
[WRONG] 255 2007-10-26 0 1 11 0
[TEST NUM]: 0	11
[WRONG] 256 2007-10-29 0 1 7 4
[TEST NUM]: 4	11
257 2007-10-30 0 0 0 11
[TEST NUM]: 11	11
258 2007-10-31 0 0 5 6
[TEST NUM]: 6	11
259 2007-11-01 0 0 0 11
[TEST NUM]: 11	11
260 2007-11-02 0 0 0 11
[TEST NUM]: 11	11
261 2007-11-05 0 0 4 7
[TEST NUM]: 7	11
262 2007-11-06 0 0 1 10
[TEST NUM]: 10	11
[WRONG] 263 2007-11-07 0 1 9 2
[TEST NUM]: 2	11
264 2007-11-08 0 0 1 10
[TEST NUM]: 10	11
[WRONG] 265 2007-11-09 0 1 8 3
[TEST NUM]: 3	11
266 2007-11-12 0 0 1 10
[TEST NUM]: 10	11
[WRONG] 267 2007-11-13 0 1 9 2
[TEST NUM]: 2	11
268 2007-11-14 0 0 0 11
[TEST NUM]: 11	11
269 2007-11-15 0 0 2 9
[TEST NUM]: 9	11
[WRONG] 270 2007-11-16 0 1 9 2
[TEST NUM]: 2	11
271 2007-11-19 0 0 4 7
[TEST NUM]: 7	11
[WRONG] 272 2007-11-20 0 1 6 5
[TEST NUM]: 5	11
273 2007-11-21 0 0 0 11
[TEST NUM]: 11	11
274 2007-11-23 0 0 4 7
[TEST NUM]: 7	11
[WRONG] 275 2007-11-26 0 1 6 5
[TEST NUM]: 5	11
[WRONG] 276 2007-11-27 0 1 11 0
[TEST NUM]: 0	11
277 2007-11-28 0 0 5 6
[TEST NUM]: 6	11
278 2007-11-29 0 0 3 8
[TEST NUM]: 8	11
[WRONG] 279 2007-11-30 0 1 7 4
[TEST NUM]: 4	11
[WRONG] 280 2007-12-03 0 1 7 4
[TEST NUM]: 4	11
281 2007-12-04 0 0 3 8
[TEST NUM]: 8	11
282 2007-12-05 0 0 4 7
[TEST NUM]: 7	11
[WRONG] 283 2007-12-06 0 1 11 0
[TEST NUM]: 0	11
284 2007-12-07 0 0 5 6
[TEST NUM]: 6	11
285 2007-12-10 0 0 3 8
[TEST NUM]: 8	11
[WRONG] 286 2007-12-11 0 1 9 2
[TEST NUM]: 2	11
287 2007-12-12 0 0 0 11
[TEST NUM]: 11	11
[WRONG] 288 2007-12-13 0 1 6 5
[TEST NUM]: 5	11
[WRONG] 289 2007-12-14 0 1 7 4
[TEST NUM]: 4	11
290 2007-12-17 0 0 4 7
[TEST NUM]: 7	11
[WRONG] 291 2007-12-18 0 1 7 4
[TEST NUM]: 4	11
[WRONG] 292 2007-12-19 0 1 10 1
[TEST NUM]: 1	11
[WRONG] 293 2007-12-20 0 1 10 1
[TEST NUM]: 1	11
[WRONG] 294 2007-12-21 0 1 11 0
[TEST NUM]: 0	11
[WRONG] 295 2007-12-24 0 1 10 1
[TEST NUM]: 1	11
[WRONG] 296 2007-12-26 0 1 11 0
[TEST NUM]: 0	11
297 2007-12-27 0 0 5 6
[TEST NUM]: 6	11
298 2007-12-28 0 0 0 11
[TEST NUM]: 11	11
[WRONG] 299 2007-12-31 0 1 6 5
[TEST NUM]: 5	11
300 2008-01-02 0 0 0 11
[TEST NUM]: 11	11
301 2008-01-03 0 0 0 11
[TEST NUM]: 11	11
302 2008-01-04 0 0 0 11
[TEST NUM]: 11	11
303 2008-01-07 0 0 5 6
[TEST NUM]: 6	11
304 2008-01-08 0 0 0 11
[TEST NUM]: 11	11
[WRONG] 305 2008-01-09 0 1 7 4
[TEST NUM]: 4	11
306 2008-01-10 0 0 5 6
[TEST NUM]: 6	11
307 2008-01-11 0 0 3 8
[TEST NUM]: 8	11
[WRONG] 308 2008-01-14 0 1 6 5
[TEST NUM]: 5	11
309 2008-01-15 0 0 1 10
[TEST NUM]: 10	11
310 2008-01-16 0 0 0 11
[TEST NUM]: 11	11
311 2008-01-17 0 0 0 11
[TEST NUM]: 11	11
312 2008-01-18 0 0 3 8
[TEST NUM]: 8	11
313 2008-01-22 0 0 0 11
[TEST NUM]: 11	11
314 2008-01-23 0 0 1 10
[TEST NUM]: 10	11
[WRONG] 315 2008-01-24 0 1 11 0
[TEST NUM]: 0	11
316 2008-01-25 0 0 0 11
[TEST NUM]: 11	11
317 2008-01-28 0 0 3 8
[TEST NUM]: 8	11
318 2008-01-29 0 0 2 9
[TEST NUM]: 9	11
[WRONG] 319 2008-01-30 0 1 9 2
[TEST NUM]: 2	11
[WRONG] 320 2008-01-31 0 1 7 4
[TEST NUM]: 4	11
[WRONG] 321 2008-02-01 0 1 8 3
[TEST NUM]: 3	11
[WRONG] 322 2008-02-04 0 1 6 5
[TEST NUM]: 5	11
323 2008-02-05 0 0 0 11
[TEST NUM]: 11	11
324 2008-02-06 0 0 5 6
[TEST NUM]: 6	11
325 2008-02-07 0 0 5 6
[TEST NUM]: 6	11
[WRONG] 326 2008-02-08 0 1 7 4
[TEST NUM]: 4	11
[WRONG] 327 2008-02-11 0 1 7 4
[TEST NUM]: 4	11
[WRONG] 328 2008-02-12 0 1 6 5
[TEST NUM]: 5	11
329 2008-02-13 0 0 4 7
[TEST NUM]: 7	11
330 2008-02-14 0 0 2 9
[TEST NUM]: 9	11
[WRONG] 331 2008-02-15 0 1 9 2
[TEST NUM]: 2	11
332 2008-02-19 0 0 5 6
[TEST NUM]: 6	11
[WRONG] 333 2008-02-20 0 1 9 2
[TEST NUM]: 2	11
[WRONG] 334 2008-02-21 0 1 7 4
[TEST NUM]: 4	11
[WRONG] 335 2008-02-22 0 1 7 4
[TEST NUM]: 4	11
[WRONG] 336 2008-02-25 0 1 9 2
[TEST NUM]: 2	11
[WRONG] 337 2008-02-26 0 1 9 2
[TEST NUM]: 2	11
[WRONG] 338 2008-02-27 0 1 11 0
[TEST NUM]: 0	11
339 2008-02-28 0 0 4 7
[TEST NUM]: 7	11
340 2008-02-29 0 0 2 9
[TEST NUM]: 9	11
[WRONG] 341 2008-03-03 0 1 9 2
[TEST NUM]: 2	11
342 2008-03-04 0 0 2 9
[TEST NUM]: 9	11
343 2008-03-05 0 0 2 9
[TEST NUM]: 9	11
344 2008-03-06 0 0 0 11
[TEST NUM]: 11	11
345 2008-03-07 0 0 4 7
[TEST NUM]: 7	11
[WRONG] 346 2008-03-10 0 1 11 0
[TEST NUM]: 0	11
347 2008-03-11 0 0 5 6
[TEST NUM]: 6	11
348 2008-03-12 0 0 1 10
[TEST NUM]: 10	11
349 2008-03-13 0 0 2 9
[TEST NUM]: 9	11
350 2008-03-14 0 0 4 7
[TEST NUM]: 7	11
351 2008-03-17 0 0 5 6
[TEST NUM]: 6	11
352 2008-03-18 0 0 1 10
[TEST NUM]: 10	11
353 2008-03-19 0 0 3 8
[TEST NUM]: 8	11
[WRONG] 354 2008-03-20 0 1 6 5
[TEST NUM]: 5	11
355 2008-03-24 0 0 4 7
[TEST NUM]: 7	11
356 2008-03-25 0 0 4 7
[TEST NUM]: 7	11
357 2008-03-26 0 0 4 7
[TEST NUM]: 7	11
[WRONG] 358 2008-03-27 0 1 6 5
[TEST NUM]: 5	11
359 2008-03-28 0 0 0 11
[TEST NUM]: 11	11
[WRONG] 360 2008-03-31 0 1 10 1
[TEST NUM]: 1	11
361 2008-04-01 0 0 2 9
[TEST NUM]: 9	11
[WRONG] 362 2008-04-02 0 1 7 4
[TEST NUM]: 4	11
[WRONG] 363 2008-04-03 0 1 7 4
[TEST NUM]: 4	11
[WRONG] 364 2008-04-04 0 1 8 3
[TEST NUM]: 3	11
365 2008-04-07 0 0 0 11
[TEST NUM]: 11	11
366 2008-04-08 0 0 1 10
[TEST NUM]: 10	11
367 2008-04-09 0 0 0 11
[TEST NUM]: 11	11
[WRONG] 368 2008-04-10 0 1 6 5
[TEST NUM]: 5	11
369 2008-04-11 0 0 0 11
[TEST NUM]: 11	11
[WRONG] 370 2008-04-14 0 1 8 3
[TEST NUM]: 3	11
[WRONG] 371 2008-04-15 0 1 11 0
[TEST NUM]: 0	11
372 2008-04-16 0 0 5 6
[TEST NUM]: 6	11
[WRONG] 373 2008-04-17 0 1 10 1
[TEST NUM]: 1	11
[WRONG] 374 2008-04-18 0 1 11 0
[TEST NUM]: 0	11
[WRONG] 375 2008-04-21 0 1 11 0
[TEST NUM]: 0	11
[WRONG] 376 2008-04-22 0 1 8 3
[TEST NUM]: 3	11
377 2008-04-23 0 0 2 9
[TEST NUM]: 9	11
[WRONG] 378 2008-04-24 0 1 7 4
[TEST NUM]: 4	11
[WRONG] 379 2008-04-25 0 1 6 5
[TEST NUM]: 5	11
380 2008-04-28 0 0 1 10
[TEST NUM]: 10	11
[WRONG] 381 2008-04-29 0 1 11 0
[TEST NUM]: 0	11
[WRONG] 382 2008-04-30 0 1 6 5
[TEST NUM]: 5	11
[WRONG] 383 2008-05-01 0 1 9 2
[TEST NUM]: 2	11
[WRONG] 384 2008-05-02 0 1 11 0
[TEST NUM]: 0	11
385 2008-05-05 0 0 4 7
[TEST NUM]: 7	11
[WRONG] 386 2008-05-06 0 1 7 4
[TEST NUM]: 4	11
387 2008-05-07 0 0 0 11
[TEST NUM]: 11	11
[WRONG] 388 2008-05-08 0 1 9 2
[TEST NUM]: 2	11
389 2008-05-09 0 0 0 11
[TEST NUM]: 11	11
[WRONG] 390 2008-05-12 0 1 7 4
[TEST NUM]: 4	11
[WRONG] 391 2008-05-13 0 1 6 5
[TEST NUM]: 5	11
[WRONG] 392 2008-05-14 0 1 7 4
[TEST NUM]: 4	11
[WRONG] 393 2008-05-15 0 1 6 5
[TEST NUM]: 5	11
394 2008-05-16 0 0 3 8
[TEST NUM]: 8	11
395 2008-05-19 0 0 2 9
[TEST NUM]: 9	11
396 2008-05-20 0 0 0 11
[TEST NUM]: 11	11
397 2008-05-21 0 0 0 11
[TEST NUM]: 11	11
[WRONG] 398 2008-05-22 0 1 10 1
[TEST NUM]: 1	11
[WRONG] 399 2008-05-23 0 1 6 5
[TEST NUM]: 5	11
400 2008-05-27 0 0 5 6
[TEST NUM]: 6	11
[WRONG] 401 2008-05-28 0 1 10 1
[TEST NUM]: 1	11
[WRONG] 402 2008-05-29 0 1 9 2
[TEST NUM]: 2	11
[WRONG] 403 2008-05-30 0 1 9 2
[TEST NUM]: 2	11
404 2008-06-02 0 0 1 10
[TEST NUM]: 10	11
405 2008-06-03 0 0 4 7
[TEST NUM]: 7	11
[WRONG] 406 2008-06-04 0 1 8 3
[TEST NUM]: 3	11
[WRONG] 407 2008-06-05 0 1 7 4
[TEST NUM]: 4	11
408 2008-06-06 0 0 4 7
[TEST NUM]: 7	11
409 2008-06-09 0 0 2 9
[TEST NUM]: 9	11
410 2008-06-10 0 0 1 10
[TEST NUM]: 10	11
411 2008-06-11 0 0 5 6
[TEST NUM]: 6	11
412 2008-06-12 0 0 2 9
[TEST NUM]: 9	11
413 2008-06-13 0 0 1 10
[TEST NUM]: 10	11
[WRONG] 414 2008-06-16 0 1 11 0
[TEST NUM]: 0	11
415 2008-06-17 0 0 5 6
[TEST NUM]: 6	11
416 2008-06-18 0 0 4 7
[TEST NUM]: 7	11
417 2008-06-19 0 0 4 7
[TEST NUM]: 7	11
418 2008-06-20 0 0 2 9
[TEST NUM]: 9	11
[WRONG] 419 2008-06-23 0 1 8 3
[TEST NUM]: 3	11
[WRONG] 420 2008-06-24 0 1 6 5
[TEST NUM]: 5	11
[WRONG] 421 2008-06-25 0 1 11 0
[TEST NUM]: 0	11
422 2008-06-26 0 0 0 11
[TEST NUM]: 11	11
423 2008-06-27 0 0 3 8
[TEST NUM]: 8	11
424 2008-06-30 0 0 4 7
[TEST NUM]: 7	11
425 2008-07-01 0 0 0 11
[TEST NUM]: 11	11
426 2008-07-02 0 0 3 8
[TEST NUM]: 8	11
427 2008-07-03 0 0 0 11
[TEST NUM]: 11	11
[WRONG] 428 2008-07-07 0 1 7 4
[TEST NUM]: 4	11
429 2008-07-08 0 0 2 9
[TEST NUM]: 9	11
430 2008-07-09 0 0 1 10
[TEST NUM]: 10	11
431 2008-07-10 0 0 5 6
[TEST NUM]: 6	11
[WRONG] 432 2008-07-11 0 1 8 3
[TEST NUM]: 3	11
433 2008-07-14 0 0 2 9
[TEST NUM]: 9	11
[WRONG] 434 2008-07-15 0 1 10 1
[TEST NUM]: 1	11
435 2008-07-16 0 0 5 6
[TEST NUM]: 6	11
[WRONG] 436 2008-07-17 0 1 10 1
[TEST NUM]: 1	11
[WRONG] 437 2008-07-18 0 1 9 2
[TEST NUM]: 2	11
[WRONG] 438 2008-07-21 0 1 9 2
[TEST NUM]: 2	11
[WRONG] 439 2008-07-22 0 1 11 0
[TEST NUM]: 0	11
[WRONG] 440 2008-07-23 0 1 7 4
[TEST NUM]: 4	11
[WRONG] 441 2008-07-24 0 1 7 4
[TEST NUM]: 4	11
[WRONG] 442 2008-07-25 0 1 11 0
[TEST NUM]: 0	11
443 2008-07-28 0 0 1 10
[TEST NUM]: 10	11
444 2008-07-29 0 0 4 7
[TEST NUM]: 7	11
445 2008-07-30 0 0 3 8
[TEST NUM]: 8	11
446 2008-07-31 0 0 3 8
[TEST NUM]: 8	11
447 2008-08-01 0 0 3 8
[TEST NUM]: 8	11
[WRONG] 448 2008-08-04 0 1 11 0
[TEST NUM]: 0	11
[WRONG] 449 2008-08-05 0 1 7 4
[TEST NUM]: 4	11
[WRONG] 450 2008-08-06 0 1 8 3
[TEST NUM]: 3	11
451 2008-08-07 0 0 0 11
[TEST NUM]: 11	11
[WRONG] 452 2008-08-08 0 1 11 0
[TEST NUM]: 0	11
[WRONG] 453 2008-08-11 0 1 10 1
[TEST NUM]: 1	11
[WRONG] 454 2008-08-12 0 1 8 3
[TEST NUM]: 3	11
455 2008-08-13 0 0 3 8
[TEST NUM]: 8	11
[WRONG] 456 2008-08-14 0 1 11 0
[TEST NUM]: 0	11
[WRONG] 457 2008-08-15 0 1 11 0
[TEST NUM]: 0	11
458 2008-08-18 0 0 2 9
[TEST NUM]: 9	11
459 2008-08-19 0 0 5 6
[TEST NUM]: 6	11
[WRONG] 460 2008-08-20 0 1 11 0
[TEST NUM]: 0	11
[WRONG] 461 2008-08-21 0 1 10 1
[TEST NUM]: 1	11
462 2008-08-22 0 0 4 7
[TEST NUM]: 7	11
[WRONG] 463 2008-08-25 0 1 9 2
[TEST NUM]: 2	11
464 2008-08-26 0 0 0 11
[TEST NUM]: 11	11
[WRONG] 465 2008-08-27 0 1 8 3
[TEST NUM]: 3	11
[WRONG] 466 2008-08-28 0 1 11 0
[TEST NUM]: 0	11
467 2008-08-29 0 0 5 6
[TEST NUM]: 6	11
[WRONG] 468 2008-09-02 0 1 8 3
[TEST NUM]: 3	11
469 2008-09-03 0 0 2 9
[TEST NUM]: 9	11
470 2008-09-04 0 0 2 9
[TEST NUM]: 9	11
471 2008-09-05 0 0 4 7
[TEST NUM]: 7	11
[WRONG] 472 2008-09-08 0 1 8 3
[TEST NUM]: 3	11
[WRONG] 473 2008-09-09 0 1 7 4
[TEST NUM]: 4	11
[WRONG] 474 2008-09-10 0 1 8 3
[TEST NUM]: 3	11
[WRONG] 475 2008-09-11 0 1 8 3
[TEST NUM]: 3	11
[WRONG] 476 2008-09-12 0 1 8 3
[TEST NUM]: 3	11
[WRONG] 477 2008-09-15 0 1 7 4
[TEST NUM]: 4	11
478 2008-09-16 0 0 5 6
[TEST NUM]: 6	11
479 2008-09-17 0 0 1 10
[TEST NUM]: 10	11
[WRONG] 480 2008-09-18 0 1 7 4
[TEST NUM]: 4	11
481 2008-09-19 0 0 3 8
[TEST NUM]: 8	11
482 2008-09-22 0 0 1 10
[TEST NUM]: 10	11
483 2008-09-23 0 0 1 10
[TEST NUM]: 10	11
484 2008-09-24 0 0 4 7
[TEST NUM]: 7	11
[WRONG] 485 2008-09-25 0 1 8 3
[TEST NUM]: 3	11
486 2008-09-26 0 0 3 8
[TEST NUM]: 8	11
[WRONG] 487 2008-09-29 0 1 6 5
[TEST NUM]: 5	11
488 2008-09-30 0 0 0 11
[TEST NUM]: 11	11
[WRONG] 489 2008-10-01 0 1 11 0
[TEST NUM]: 0	11
490 2008-10-02 0 0 0 11
[TEST NUM]: 11	11
[WRONG] 491 2008-10-03 0 1 7 4
[TEST NUM]: 4	11
[WRONG] 492 2008-10-06 0 1 8 3
[TEST NUM]: 3	11
493 2008-10-07 0 0 2 9
[TEST NUM]: 9	11
[WRONG] 494 2008-10-08 0 1 8 3
[TEST NUM]: 3	11
495 2008-10-09 0 0 4 7
[TEST NUM]: 7	11
[WRONG] 496 2008-10-10 0 1 7 4
[TEST NUM]: 4	11
497 2008-10-13 0 0 4 7
[TEST NUM]: 7	11
[WRONG] 498 2008-10-14 0 1 8 3
[TEST NUM]: 3	11
499 2008-10-15 0 0 4 7
[TEST NUM]: 7	11
[WRONG] 500 2008-10-16 0 1 10 1
[TEST NUM]: 1	11
[WRONG] 501 2008-10-17 0 1 7 4
[TEST NUM]: 4	11
502 2008-10-20 0 0 5 6
[TEST NUM]: 6	11
503 2008-10-21 0 0 2 9
[TEST NUM]: 9	11
504 2008-10-22 0 0 0 11
[TEST NUM]: 11	11
[WRONG] 505 2008-10-23 0 1 10 1
[TEST NUM]: 1	11
506 2008-10-24 0 0 4 7
[TEST NUM]: 7	11
507 2008-10-27 0 0 5 6
[TEST NUM]: 6	11
[WRONG] 508 2008-10-28 0 1 7 4
[TEST NUM]: 4	11
509 2008-10-29 0 0 1 10
[TEST NUM]: 10	11
[WRONG] 510 2008-10-30 0 1 8 3
[TEST NUM]: 3	11
[WRONG] 511 2008-10-31 0 1 8 3
[TEST NUM]: 3	11
512 2008-11-03 0 0 0 11
[TEST NUM]: 11	11
513 2008-11-04 0 0 4 7
[TEST NUM]: 7	11
[WRONG] 514 2008-11-05 0 1 7 4
[TEST NUM]: 4	11
515 2008-11-06 0 0 2 9
[TEST NUM]: 9	11
516 2008-11-07 0 0 3 8
[TEST NUM]: 8	11
517 2008-11-10 0 0 1 10
[TEST NUM]: 10	11
518 2008-11-11 0 0 3 8
[TEST NUM]: 8	11
519 2008-11-12 0 0 0 11
[TEST NUM]: 11	11
520 2008-11-13 0 0 5 6
[TEST NUM]: 6	11
[WRONG] 521 2008-11-14 0 1 9 2
[TEST NUM]: 2	11
[WRONG] 522 2008-11-17 0 1 8 3
[TEST NUM]: 3	11
[WRONG] 523 2008-11-18 0 1 8 3
[TEST NUM]: 3	11
[WRONG] 524 2008-11-19 0 1 6 5
[TEST NUM]: 5	11
525 2008-11-20 0 0 0 11
[TEST NUM]: 11	11
[WRONG] 526 2008-11-21 0 1 7 4
[TEST NUM]: 4	11
[WRONG] 527 2008-11-24 0 1 7 4
[TEST NUM]: 4	11
[WRONG] 528 2008-11-25 0 1 9 2
[TEST NUM]: 2	11
529 2008-11-26 0 0 5 6
[TEST NUM]: 6	11
[WRONG] 530 2008-11-28 0 1 8 3
[TEST NUM]: 3	11
[WRONG] 531 2008-12-01 0 1 6 5
[TEST NUM]: 5	11
[WRONG] 532 2008-12-02 0 1 8 3
[TEST NUM]: 3	11
[WRONG] 533 2008-12-03 0 1 7 4
[TEST NUM]: 4	11
534 2008-12-04 0 0 1 10
[TEST NUM]: 10	11
[WRONG] 535 2008-12-05 0 1 10 1
[TEST NUM]: 1	11
536 2008-12-08 0 0 4 7
[TEST NUM]: 7	11
537 2008-12-09 0 0 5 6
[TEST NUM]: 6	11
538 2008-12-10 0 0 5 6
[TEST NUM]: 6	11
539 2008-12-11 0 0 1 10
[TEST NUM]: 10	11
540 2008-12-12 0 0 2 9
[TEST NUM]: 9	11
[WRONG] 541 2008-12-15 0 1 9 2
[TEST NUM]: 2	11
542 2008-12-16 0 0 2 9
[TEST NUM]: 9	11
543 2008-12-17 0 0 3 8
[TEST NUM]: 8	11
544 2008-12-18 0 0 1 10
[TEST NUM]: 10	11
545 2008-12-19 0 0 5 6
[TEST NUM]: 6	11
[WRONG] 546 2008-12-22 0 1 6 5
[TEST NUM]: 5	11
547 2008-12-23 0 0 4 7
[TEST NUM]: 7	11
[WRONG] 548 2008-12-24 0 1 9 2
[TEST NUM]: 2	11
549 2008-12-26 0 0 3 8
[TEST NUM]: 8	11
[WRONG] 550 2008-12-29 0 1 6 5
[TEST NUM]: 5	11
551 2008-12-30 0 0 2 9
[TEST NUM]: 9	11
[WRONG] 552 2008-12-31 0 1 7 4
[TEST NUM]: 4	11
553 2009-01-02 0 0 4 7
[TEST NUM]: 7	11
554 2009-01-05 0 0 3 8
[TEST NUM]: 8	11
[WRONG] 555 2009-01-06 0 1 7 4
[TEST NUM]: 4	11
556 2009-01-07 0 0 1 10
[TEST NUM]: 10	11
[WRONG] 557 2009-01-08 0 1 9 2
[TEST NUM]: 2	11
558 2009-01-09 0 0 1 10
[TEST NUM]: 10	11
559 2009-01-12 0 0 5 6
[TEST NUM]: 6	11
[WRONG] 560 2009-01-13 0 1 11 0
[TEST NUM]: 0	11
561 2009-01-14 0 0 0 11
[TEST NUM]: 11	11
562 2009-01-15 0 0 2 9
[TEST NUM]: 9	11
563 2009-01-16 0 0 2 9
[TEST NUM]: 9	11
[WRONG] 564 2009-01-20 0 1 7 4
[TEST NUM]: 4	11
[WRONG] 565 2009-01-21 0 1 7 4
[TEST NUM]: 4	11
566 2009-01-22 0 0 3 8
[TEST NUM]: 8	11
[WRONG] 567 2009-01-23 0 1 6 5
[TEST NUM]: 5	11
568 2009-01-26 0 0 5 6
[TEST NUM]: 6	11
[WRONG] 569 2009-01-27 0 1 9 2
[TEST NUM]: 2	11
[WRONG] 570 2009-01-28 0 1 9 2
[TEST NUM]: 2	11
571 2009-01-29 0 0 0 11
[TEST NUM]: 11	11
572 2009-01-30 0 0 1 10
[TEST NUM]: 10	11
[WRONG] 573 2009-02-02 0 1 9 2
[TEST NUM]: 2	11
[WRONG] 574 2009-02-03 0 1 11 0
[TEST NUM]: 0	11
575 2009-02-04 0 0 2 9
[TEST NUM]: 9	11
[WRONG] 576 2009-02-05 0 1 9 2
[TEST NUM]: 2	11
577 2009-02-06 0 0 3 8
[TEST NUM]: 8	11
[WRONG] 578 2009-02-09 0 1 10 1
[TEST NUM]: 1	11
579 2009-02-10 0 0 2 9
[TEST NUM]: 9	11
[WRONG] 580 2009-02-11 0 1 10 1
[TEST NUM]: 1	11
581 2009-02-12 0 0 3 8
[TEST NUM]: 8	11
582 2009-02-13 0 0 5 6
[TEST NUM]: 6	11
[WRONG] 583 2009-02-17 0 1 10 1
[TEST NUM]: 1	11
584 2009-02-18 0 0 1 10
[TEST NUM]: 10	11
[WRONG] 585 2009-02-19 0 1 6 5
[TEST NUM]: 5	11
586 2009-02-20 0 0 0 11
[TEST NUM]: 11	11
[WRONG] 587 2009-02-23 0 1 7 4
[TEST NUM]: 4	11
588 2009-02-24 0 0 4 7
[TEST NUM]: 7	11
589 2009-02-25 0 0 2 9
[TEST NUM]: 9	11
[WRONG] 590 2009-02-26 0 1 7 4
[TEST NUM]: 4	11
591 2009-02-27 0 0 0 11
[TEST NUM]: 11	11
[WRONG] 592 2009-03-02 0 1 6 5
[TEST NUM]: 5	11
[WRONG] 593 2009-03-03 0 1 6 5
[TEST NUM]: 5	11
594 2009-03-04 0 0 1 10
[TEST NUM]: 10	11
595 2009-03-05 0 0 1 10
[TEST NUM]: 10	11
596 2009-03-06 0 0 0 11
[TEST NUM]: 11	11
597 2009-03-09 0 0 3 8
[TEST NUM]: 8	11
598 2009-03-10 0 0 1 10
[TEST NUM]: 10	11
[WRONG] 599 2009-03-11 0 1 6 5
[TEST NUM]: 5	11
[WRONG] 600 2009-03-12 0 1 7 4
[TEST NUM]: 4	11
601 2009-03-13 0 0 1 10
[TEST NUM]: 10	11
[WRONG] 602 2009-03-16 0 1 6 5
[TEST NUM]: 5	11
[WRONG] 603 2009-03-17 0 1 6 5
[TEST NUM]: 5	11
604 2009-03-18 0 0 0 11
[TEST NUM]: 11	11
[WRONG] 605 2009-03-19 0 1 7 4
[TEST NUM]: 4	11
[WRONG] 606 2009-03-20 0 1 10 1
[TEST NUM]: 1	11
607 2009-03-23 0 0 1 10
[TEST NUM]: 10	11
[WRONG] 608 2009-03-24 0 1 6 5
[TEST NUM]: 5	11
609 2009-03-25 0 0 1 10
[TEST NUM]: 10	11
[WRONG] 610 2009-03-26 0 1 6 5
[TEST NUM]: 5	11
611 2009-03-27 0 0 1 10
[TEST NUM]: 10	11
612 2009-03-30 0 0 3 8
[TEST NUM]: 8	11
[WRONG] 613 2009-03-31 0 1 11 0
[TEST NUM]: 0	11
[WRONG] 614 2009-04-01 0 1 11 0
[TEST NUM]: 0	11
615 2009-04-02 0 0 2 9
[TEST NUM]: 9	11
[WRONG] 616 2009-04-03 0 1 8 3
[TEST NUM]: 3	11
617 2009-04-06 0 0 1 10
[TEST NUM]: 10	11
[WRONG] 618 2009-04-07 0 1 6 5
[TEST NUM]: 5	11
619 2009-04-08 0 0 2 9
[TEST NUM]: 9	11
620 2009-04-09 0 0 2 9
[TEST NUM]: 9	11
[WRONG] 621 2009-04-13 0 1 11 0
[TEST NUM]: 0	11
622 2009-04-14 0 0 0 11
[TEST NUM]: 11	11
[WRONG] 623 2009-04-15 0 1 11 0
[TEST NUM]: 0	11
[WRONG] 624 2009-04-16 0 1 9 2
[TEST NUM]: 2	11
[WRONG] 625 2009-04-17 0 1 6 5
[TEST NUM]: 5	11
626 2009-04-20 0 0 5 6
[TEST NUM]: 6	11
627 2009-04-21 0 0 4 7
[TEST NUM]: 7	11
628 2009-04-22 0 0 0 11
[TEST NUM]: 11	11
629 2009-04-23 0 0 4 7
[TEST NUM]: 7	11
[WRONG] 630 2009-04-24 0 1 9 2
[TEST NUM]: 2	11
631 2009-04-27 0 0 4 7
[TEST NUM]: 7	11
[WRONG] 632 2009-04-28 0 1 9 2
[TEST NUM]: 2	11
[WRONG] 633 2009-04-29 0 1 11 0
[TEST NUM]: 0	11
[WRONG] 634 2009-04-30 0 1 6 5
[TEST NUM]: 5	11
[WRONG] 635 2009-05-01 0 1 9 2
[TEST NUM]: 2	11
[WRONG] 636 2009-05-04 0 1 10 1
[TEST NUM]: 1	11
637 2009-05-05 0 0 0 11
[TEST NUM]: 11	11
[WRONG] 638 2009-05-06 0 1 6 5
[TEST NUM]: 5	11
639 2009-05-07 0 0 2 9
[TEST NUM]: 9	11
[WRONG] 640 2009-05-08 0 1 6 5
[TEST NUM]: 5	11
641 2009-05-11 0 0 0 11
[TEST NUM]: 11	11
642 2009-05-12 0 0 3 8
[TEST NUM]: 8	11
643 2009-05-13 0 0 2 9
[TEST NUM]: 9	11
[WRONG] 644 2009-05-14 0 1 9 2
[TEST NUM]: 2	11
645 2009-05-15 0 0 5 6
[TEST NUM]: 6	11
[WRONG] 646 2009-05-18 0 1 8 3
[TEST NUM]: 3	11
647 2009-05-19 0 0 3 8
[TEST NUM]: 8	11
648 2009-05-20 0 0 5 6
[TEST NUM]: 6	11
649 2009-05-21 0 0 1 10
[TEST NUM]: 10	11
[WRONG] 650 2009-05-22 0 1 9 2
[TEST NUM]: 2	11
[WRONG] 651 2009-05-26 0 1 11 0
[TEST NUM]: 0	11
[WRONG] 652 2009-05-27 0 1 8 3
[TEST NUM]: 3	11
[WRONG] 653 2009-05-28 0 1 9 2
[TEST NUM]: 2	11
[WRONG] 654 2009-05-29 0 1 9 2
[TEST NUM]: 2	11
[WRONG] 655 2009-06-01 0 1 7 4
[TEST NUM]: 4	11
[WRONG] 656 2009-06-02 0 1 10 1
[TEST NUM]: 1	11
657 2009-06-03 0 0 4 7
[TEST NUM]: 7	11
[WRONG] 658 2009-06-04 0 1 10 1
[TEST NUM]: 1	11
659 2009-06-05 0 0 5 6
[TEST NUM]: 6	11
[WRONG] 660 2009-06-08 0 1 7 4
[TEST NUM]: 4	11
[WRONG] 661 2009-06-09 0 1 8 3
[TEST NUM]: 3	11
[WRONG] 662 2009-06-10 0 1 8 3
[TEST NUM]: 3	11
[WRONG] 663 2009-06-11 0 1 7 4
[TEST NUM]: 4	11
[WRONG] 664 2009-06-12 0 1 11 0
[TEST NUM]: 0	11
[WRONG] 665 2009-06-15 0 1 6 5
[TEST NUM]: 5	11
666 2009-06-16 0 0 4 7
[TEST NUM]: 7	11
[WRONG] 667 2009-06-17 0 1 6 5
[TEST NUM]: 5	11
[WRONG] 668 2009-06-18 0 1 6 5
[TEST NUM]: 5	11
669 2009-06-19 0 0 5 6
[TEST NUM]: 6	11
[WRONG] 670 2009-06-22 0 1 10 1
[TEST NUM]: 1	11
[WRONG] 671 2009-06-23 0 1 6 5
[TEST NUM]: 5	11
[WRONG] 672 2009-06-24 0 1 8 3
[TEST NUM]: 3	11
673 2009-06-25 0 0 5 6
[TEST NUM]: 6	11
674 2009-06-26 0 0 5 6
[TEST NUM]: 6	11
675 2009-06-29 0 0 4 7
[TEST NUM]: 7	11
676 2009-06-30 0 0 5 6
[TEST NUM]: 6	11
[WRONG] 677 2009-07-01 0 1 8 3
[TEST NUM]: 3	11
678 2009-07-02 0 0 1 10
[TEST NUM]: 10	11
679 2009-07-06 0 0 3 8
[TEST NUM]: 8	11
680 2009-07-07 0 0 3 8
[TEST NUM]: 8	11
[WRONG] 681 2009-07-08 0 1 9 2
[TEST NUM]: 2	11
682 2009-07-09 0 0 4 7
[TEST NUM]: 7	11
683 2009-07-10 0 0 5 6
[TEST NUM]: 6	11
684 2009-07-13 0 0 0 11
[TEST NUM]: 11	11
685 2009-07-14 0 0 5 6
[TEST NUM]: 6	11
686 2009-07-15 0 0 2 9
[TEST NUM]: 9	11
[WRONG] 687 2009-07-16 0 1 7 4
[TEST NUM]: 4	11
688 2009-07-17 0 0 5 6
[TEST NUM]: 6	11
[WRONG] 689 2009-07-20 0 1 11 0
[TEST NUM]: 0	11
[WRONG] 690 2009-07-21 0 1 7 4
[TEST NUM]: 4	11
[WRONG] 691 2009-07-22 0 1 11 0
[TEST NUM]: 0	11
[WRONG] 692 2009-07-23 0 1 9 2
[TEST NUM]: 2	11
[WRONG] 693 2009-07-24 0 1 10 1
[TEST NUM]: 1	11
[WRONG] 694 2009-07-27 0 1 9 2
[TEST NUM]: 2	11
695 2009-07-28 0 0 4 7
[TEST NUM]: 7	11
696 2009-07-29 0 0 4 7
[TEST NUM]: 7	11
[WRONG] 697 2009-07-30 0 1 6 5
[TEST NUM]: 5	11
698 2009-07-31 0 0 4 7
[TEST NUM]: 7	11
[WRONG] 699 2009-08-03 0 1 10 1
[TEST NUM]: 1	11
[WRONG] 700 2009-08-04 0 1 9 2
[TEST NUM]: 2	11
701 2009-08-05 0 0 5 6
[TEST NUM]: 6	11
702 2009-08-06 0 0 0 11
[TEST NUM]: 11	11
[WRONG] 703 2009-08-07 0 1 11 0
[TEST NUM]: 0	11
704 2009-08-10 0 0 0 11
[TEST NUM]: 11	11
705 2009-08-11 0 0 0 11
[TEST NUM]: 11	11
[WRONG] 706 2009-08-12 0 1 6 5
[TEST NUM]: 5	11
[WRONG] 707 2009-08-13 0 1 7 4
[TEST NUM]: 4	11
[WRONG] 708 2009-08-14 0 1 8 3
[TEST NUM]: 3	11
709 2009-08-17 0 0 4 7
[TEST NUM]: 7	11
[WRONG] 710 2009-08-18 0 1 6 5
[TEST NUM]: 5	11
[WRONG] 711 2009-08-19 0 1 6 5
[TEST NUM]: 5	11
712 2009-08-20 0 0 2 9
[TEST NUM]: 9	11
[WRONG] 713 2009-08-21 0 1 7 4
[TEST NUM]: 4	11
714 2009-08-24 0 0 1 10
[TEST NUM]: 10	11
[WRONG] 715 2009-08-25 0 1 8 3
[TEST NUM]: 3	11
716 2009-08-26 0 0 0 11
[TEST NUM]: 11	11
[WRONG] 717 2009-08-27 0 1 9 2
[TEST NUM]: 2	11
718 2009-08-28 0 0 2 9
[TEST NUM]: 9	11
719 2009-08-31 0 0 4 7
[TEST NUM]: 7	11
[WRONG] 720 2009-09-01 0 1 10 1
[TEST NUM]: 1	11
721 2009-09-02 0 0 4 7
[TEST NUM]: 7	11
722 2009-09-03 0 0 3 8
[TEST NUM]: 8	11
723 2009-09-04 0 0 1 10
[TEST NUM]: 10	11
724 2009-09-08 0 0 2 9
[TEST NUM]: 9	11
725 2009-09-09 0 0 1 10
[TEST NUM]: 10	11
[WRONG] 726 2009-09-10 0 1 8 3
[TEST NUM]: 3	11
[WRONG] 727 2009-09-11 0 1 11 0
[TEST NUM]: 0	11
728 2009-09-14 0 0 4 7
[TEST NUM]: 7	11
[WRONG] 729 2009-09-15 0 1 10 1
[TEST NUM]: 1	11
730 2009-09-16 0 0 5 6
[TEST NUM]: 6	11
731 2009-09-17 0 0 4 7
[TEST NUM]: 7	11
[WRONG] 732 2009-09-18 0 1 11 0
[TEST NUM]: 0	11
733 2009-09-21 0 0 5 6
[TEST NUM]: 6	11
[WRONG] 734 2009-09-22 0 1 8 3
[TEST NUM]: 3	11
[WRONG] 735 2009-09-23 0 1 9 2
[TEST NUM]: 2	11
736 2009-09-24 0 0 1 10
[TEST NUM]: 10	11
737 2009-09-25 0 0 5 6
[TEST NUM]: 6	11
[WRONG] 738 2009-09-28 0 1 6 5
[TEST NUM]: 5	11
739 2009-09-29 0 0 5 6
[TEST NUM]: 6	11
740 2009-09-30 0 0 0 11
[TEST NUM]: 11	11
[WRONG] 741 2009-10-01 0 1 6 5
[TEST NUM]: 5	11
[WRONG] 742 2009-10-02 0 1 8 3
[TEST NUM]: 3	11
[WRONG] 743 2009-10-05 0 1 9 2
[TEST NUM]: 2	11
744 2009-10-06 0 0 0 11
[TEST NUM]: 11	11
745 2009-10-07 0 0 4 7
[TEST NUM]: 7	11
[WRONG] 746 2009-10-08 0 1 10 1
[TEST NUM]: 1	11
[WRONG] 747 2009-10-09 0 1 11 0
[TEST NUM]: 0	11
[WRONG] 748 2009-10-12 0 1 7 4
[TEST NUM]: 4	11
749 2009-10-13 0 0 3 8
[TEST NUM]: 8	11
750 2009-10-14 0 0 4 7
[TEST NUM]: 7	11
[WRONG] 751 2009-10-15 0 1 6 5
[TEST NUM]: 5	11
752 2009-10-16 0 0 3 8
[TEST NUM]: 8	11
[WRONG] 753 2009-10-19 0 1 7 4
[TEST NUM]: 4	11
754 2009-10-20 0 0 3 8
[TEST NUM]: 8	11
755 2009-10-21 0 0 1 10
[TEST NUM]: 10	11
[WRONG] 756 2009-10-22 0 1 8 3
[TEST NUM]: 3	11
[WRONG] 757 2009-10-23 0 1 8 3
[TEST NUM]: 3	11
758 2009-10-26 0 0 5 6
[TEST NUM]: 6	11
[WRONG] 759 2009-10-27 0 1 6 5
[TEST NUM]: 5	11
[WRONG] 760 2009-10-28 0 1 9 2
[TEST NUM]: 2	11
[WRONG] 761 2009-10-29 0 1 8 3
[TEST NUM]: 3	11
[WRONG] 762 2009-10-30 0 1 8 3
[TEST NUM]: 3	11
763 2009-11-02 0 0 2 9
[TEST NUM]: 9	11
[WRONG] 764 2009-11-03 0 1 9 2
[TEST NUM]: 2	11
765 2009-11-04 0 0 2 9
[TEST NUM]: 9	11
[WRONG] 766 2009-11-05 0 1 11 0
[TEST NUM]: 0	11
767 2009-11-06 0 0 5 6
[TEST NUM]: 6	11
768 2009-11-09 0 0 2 9
[TEST NUM]: 9	11
769 2009-11-10 0 0 3 8
[TEST NUM]: 8	11
[WRONG] 770 2009-11-11 0 1 11 0
[TEST NUM]: 0	11
771 2009-11-12 0 0 4 7
[TEST NUM]: 7	11
[WRONG] 772 2009-11-13 0 1 6 5
[TEST NUM]: 5	11
[WRONG] 773 2009-11-16 0 1 11 0
[TEST NUM]: 0	11
[WRONG] 774 2009-11-17 0 1 10 1
[TEST NUM]: 1	11
775 2009-11-18 0 0 2 9
[TEST NUM]: 9	11
776 2009-11-19 0 0 5 6
[TEST NUM]: 6	11
777 2009-11-20 0 0 3 8
[TEST NUM]: 8	11
[WRONG] 778 2009-11-23 0 1 7 4
[TEST NUM]: 4	11
[WRONG] 779 2009-11-24 0 1 10 1
[TEST NUM]: 1	11
[WRONG] 780 2009-11-25 0 1 11 0
[TEST NUM]: 0	11
[WRONG] 781 2009-11-27 0 1 10 1
[TEST NUM]: 1	11
[WRONG] 782 2009-11-30 0 1 9 2
[TEST NUM]: 2	11
783 2009-12-01 0 0 1 10
[TEST NUM]: 10	11
784 2009-12-02 0 0 4 7
[TEST NUM]: 7	11
[WRONG] 785 2009-12-03 0 1 7 4
[TEST NUM]: 4	11
[WRONG] 786 2009-12-04 0 1 8 3
[TEST NUM]: 3	11
[WRONG] 787 2009-12-07 0 1 6 5
[TEST NUM]: 5	11
[WRONG] 788 2009-12-08 0 1 8 3
[TEST NUM]: 3	11
[WRONG] 789 2009-12-09 0 1 9 2
[TEST NUM]: 2	11
790 2009-12-10 0 0 2 9
[TEST NUM]: 9	11
791 2009-12-11 0 0 1 10
[TEST NUM]: 10	11
792 2009-12-14 0 0 1 10
[TEST NUM]: 10	11
793 2009-12-15 0 0 0 11
[TEST NUM]: 11	11
[WRONG] 794 2009-12-16 0 1 10 1
[TEST NUM]: 1	11
[WRONG] 795 2009-12-17 0 1 7 4
[TEST NUM]: 4	11
796 2009-12-18 0 0 3 8
[TEST NUM]: 8	11
797 2009-12-21 0 0 1 10
[TEST NUM]: 10	11
798 2009-12-22 0 0 2 9
[TEST NUM]: 9	11
799 2009-12-23 0 0 3 8
[TEST NUM]: 8	11
800 2009-12-24 0 0 4 7
[TEST NUM]: 7	11
[WRONG] 801 2009-12-28 0 1 11 0
[TEST NUM]: 0	11
802 2009-12-29 0 0 0 11
[TEST NUM]: 11	11
803 2009-12-30 0 0 1 10
[TEST NUM]: 10	11
[WRONG] 804 2009-12-31 0 1 9 2
[TEST NUM]: 2	11
[WRONG] 805 2010-01-04 0 1 11 0
[TEST NUM]: 0	11
[WRONG] 806 2010-01-05 0 1 7 4
[TEST NUM]: 4	11
807 2010-01-06 0 0 4 7
[TEST NUM]: 7	11
808 2010-01-07 0 0 3 8
[TEST NUM]: 8	11
[WRONG] 809 2010-01-08 0 1 7 4
[TEST NUM]: 4	11
[WRONG] 810 2010-01-11 0 1 9 2
[TEST NUM]: 2	11
[WRONG] 811 2010-01-12 0 1 9 2
[TEST NUM]: 2	11
812 2010-01-13 0 0 2 9
[TEST NUM]: 9	11
813 2010-01-14 0 0 2 9
[TEST NUM]: 9	11
[WRONG] 814 2010-01-15 0 1 11 0
[TEST NUM]: 0	11
[WRONG] 815 2010-01-19 0 1 11 0
[TEST NUM]: 0	11
[WRONG] 816 2010-01-20 0 1 9 2
[TEST NUM]: 2	11
817 2010-01-21 0 0 0 11
[TEST NUM]: 11	11
[WRONG] 818 2010-01-22 0 1 9 2
[TEST NUM]: 2	11
819 2010-01-25 0 0 3 8
[TEST NUM]: 8	11
820 2010-01-26 0 0 5 6
[TEST NUM]: 6	11
821 2010-01-27 0 0 0 11
[TEST NUM]: 11	11
822 2010-01-28 0 0 3 8
[TEST NUM]: 8	11
823 2010-01-29 0 0 4 7
[TEST NUM]: 7	11
[WRONG] 824 2010-02-01 0 1 6 5
[TEST NUM]: 5	11
825 2010-02-02 0 0 4 7
[TEST NUM]: 7	11
826 2010-02-03 0 0 0 11
[TEST NUM]: 11	11
[WRONG] 827 2010-02-04 0 1 6 5
[TEST NUM]: 5	11
[WRONG] 828 2010-02-05 0 1 8 3
[TEST NUM]: 3	11
[WRONG] 829 2010-02-08 0 1 7 4
[TEST NUM]: 4	11
830 2010-02-09 0 0 4 7
[TEST NUM]: 7	11
[WRONG] 831 2010-02-10 0 1 7 4
[TEST NUM]: 4	11
832 2010-02-11 0 0 2 9
[TEST NUM]: 9	11
[WRONG] 833 2010-02-12 0 1 6 5
[TEST NUM]: 5	11
834 2010-02-16 0 0 1 10
[TEST NUM]: 10	11
[WRONG] 835 2010-02-17 0 1 8 3
[TEST NUM]: 3	11
836 2010-02-18 0 0 2 9
[TEST NUM]: 9	11
837 2010-02-19 0 0 0 11
[TEST NUM]: 11	11
[WRONG] 838 2010-02-22 0 1 7 4
[TEST NUM]: 4	11
839 2010-02-23 0 0 4 7
[TEST NUM]: 7	11
840 2010-02-24 0 0 2 9
[TEST NUM]: 9	11
841 2010-02-25 0 0 1 10
[TEST NUM]: 10	11
842 2010-02-26 0 0 0 11
[TEST NUM]: 11	11
843 2010-03-01 0 0 2 9
[TEST NUM]: 9	11
844 2010-03-02 0 0 1 10
[TEST NUM]: 10	11
845 2010-03-03 0 0 2 9
[TEST NUM]: 9	11
[WRONG] 846 2010-03-04 0 1 8 3
[TEST NUM]: 3	11
847 2010-03-05 0 0 1 10
[TEST NUM]: 10	11
848 2010-03-08 0 0 2 9
[TEST NUM]: 9	11
849 2010-03-09 0 0 5 6
[TEST NUM]: 6	11
[WRONG] 850 2010-03-10 0 1 10 1
[TEST NUM]: 1	11
[WRONG] 851 2010-03-11 0 1 8 3
[TEST NUM]: 3	11
852 2010-03-12 0 0 1 10
[TEST NUM]: 10	11
853 2010-03-15 0 0 3 8
[TEST NUM]: 8	11
[WRONG] 854 2010-03-16 0 1 9 2
[TEST NUM]: 2	11
855 2010-03-17 0 0 1 10
[TEST NUM]: 10	11
[WRONG] 856 2010-03-18 0 1 8 3
[TEST NUM]: 3	11
[WRONG] 857 2010-03-19 0 1 6 5
[TEST NUM]: 5	11
[WRONG] 858 2010-03-22 0 1 10 1
[TEST NUM]: 1	11
859 2010-03-23 0 0 2 9
[TEST NUM]: 9	11
[WRONG] 860 2010-03-24 0 1 7 4
[TEST NUM]: 4	11
[WRONG] 861 2010-03-25 0 1 11 0
[TEST NUM]: 0	11
862 2010-03-26 0 0 0 11
[TEST NUM]: 11	11
[WRONG] 863 2010-03-29 0 1 6 5
[TEST NUM]: 5	11
[WRONG] 864 2010-03-30 0 1 6 5
[TEST NUM]: 5	11
[WRONG] 865 2010-03-31 0 1 6 5
[TEST NUM]: 5	11
866 2010-04-01 0 0 5 6
[TEST NUM]: 6	11
[WRONG] 867 2010-04-05 0 1 8 3
[TEST NUM]: 3	11
868 2010-04-06 0 0 4 7
[TEST NUM]: 7	11
869 2010-04-07 0 0 0 11
[TEST NUM]: 11	11
870 2010-04-08 0 0 2 9
[TEST NUM]: 9	11
871 2010-04-09 0 0 4 7
[TEST NUM]: 7	11
872 2010-04-12 0 0 0 11
[TEST NUM]: 11	11
873 2010-04-13 0 0 4 7
[TEST NUM]: 7	11
[WRONG] 874 2010-04-14 0 1 9 2
[TEST NUM]: 2	11
[WRONG] 875 2010-04-15 0 1 7 4
[TEST NUM]: 4	11
876 2010-04-16 0 0 4 7
[TEST NUM]: 7	11
877 2010-04-19 0 0 5 6
[TEST NUM]: 6	11
[WRONG] 878 2010-04-20 0 1 11 0
[TEST NUM]: 0	11
[WRONG] 879 2010-04-21 0 1 9 2
[TEST NUM]: 2	11
880 2010-04-22 0 0 3 8
[TEST NUM]: 8	11
[WRONG] 881 2010-04-23 0 1 9 2
[TEST NUM]: 2	11
[WRONG] 882 2010-04-26 0 1 6 5
[TEST NUM]: 5	11
883 2010-04-27 0 0 4 7
[TEST NUM]: 7	11
884 2010-04-28 0 0 2 9
[TEST NUM]: 9	11
885 2010-04-29 0 0 4 7
[TEST NUM]: 7	11
[WRONG] 886 2010-04-30 0 1 6 5
[TEST NUM]: 5	11
[WRONG] 887 2010-05-03 0 1 6 5
[TEST NUM]: 5	11
[WRONG] 888 2010-05-04 0 1 8 3
[TEST NUM]: 3	11
[WRONG] 889 2010-05-05 0 1 7 4
[TEST NUM]: 4	11
[WRONG] 890 2010-05-06 0 1 6 5
[TEST NUM]: 5	11
891 2010-05-07 0 0 5 6
[TEST NUM]: 6	11
892 2010-05-10 0 0 1 10
[TEST NUM]: 10	11
[WRONG] 893 2010-05-11 0 1 11 0
[TEST NUM]: 0	11
894 2010-05-12 0 0 0 11
[TEST NUM]: 11	11
[WRONG] 895 2010-05-13 0 1 7 4
[TEST NUM]: 4	11
896 2010-05-14 0 0 5 6
[TEST NUM]: 6	11
897 2010-05-17 0 0 4 7
[TEST NUM]: 7	11
898 2010-05-18 0 0 3 8
[TEST NUM]: 8	11
[WRONG] 899 2010-05-19 0 1 6 5
[TEST NUM]: 5	11
900 2010-05-20 0 0 0 11
[TEST NUM]: 11	11
901 2010-05-21 0 0 2 9
[TEST NUM]: 9	11
902 2010-05-24 0 0 2 9
[TEST NUM]: 9	11
903 2010-05-25 0 0 3 8
[TEST NUM]: 8	11
904 2010-05-26 0 0 0 11
[TEST NUM]: 11	11
905 2010-05-27 0 0 3 8
[TEST NUM]: 8	11
[WRONG] 906 2010-05-28 0 1 9 2
[TEST NUM]: 2	11
907 2010-06-01 0 0 4 7
[TEST NUM]: 7	11
908 2010-06-02 0 0 2 9
[TEST NUM]: 9	11
909 2010-06-03 0 0 2 9
[TEST NUM]: 9	11
910 2010-06-04 0 0 2 9
[TEST NUM]: 9	11
[WRONG] 911 2010-06-07 0 1 11 0
[TEST NUM]: 0	11
912 2010-06-08 0 0 3 8
[TEST NUM]: 8	11
913 2010-06-09 0 0 0 11
[TEST NUM]: 11	11
914 2010-06-10 0 0 5 6
[TEST NUM]: 6	11
915 2010-06-11 0 0 3 8
[TEST NUM]: 8	11
[WRONG] 916 2010-06-14 0 1 10 1
[TEST NUM]: 1	11
917 2010-06-15 0 0 1 10
[TEST NUM]: 10	11
[WRONG] 918 2010-06-16 0 1 6 5
[TEST NUM]: 5	11
919 2010-06-17 0 0 2 9
[TEST NUM]: 9	11
920 2010-06-18 0 0 0 11
[TEST NUM]: 11	11
[WRONG] 921 2010-06-21 0 1 8 3
[TEST NUM]: 3	11
[WRONG] 922 2010-06-22 0 1 11 0
[TEST NUM]: 0	11
923 2010-06-23 0 0 1 10
[TEST NUM]: 10	11
[WRONG] 924 2010-06-24 0 1 11 0
[TEST NUM]: 0	11
925 2010-06-25 0 0 4 7
[TEST NUM]: 7	11
[WRONG] 926 2010-06-28 0 1 10 1
[TEST NUM]: 1	11
[WRONG] 927 2010-06-29 0 1 11 0
[TEST NUM]: 0	11
[WRONG] 928 2010-06-30 0 1 9 2
[TEST NUM]: 2	11
929 2010-07-01 0 0 4 7
[TEST NUM]: 7	11
930 2010-07-02 0 0 2 9
[TEST NUM]: 9	11
[WRONG] 931 2010-07-06 0 1 7 4
[TEST NUM]: 4	11
932 2010-07-07 0 0 1 10
[TEST NUM]: 10	11
[WRONG] 933 2010-07-08 0 1 6 5
[TEST NUM]: 5	11
[WRONG] 934 2010-07-09 0 1 9 2
[TEST NUM]: 2	11
935 2010-07-12 0 0 5 6
[TEST NUM]: 6	11
936 2010-07-13 0 0 4 7
[TEST NUM]: 7	11
[WRONG] 937 2010-07-14 0 1 9 2
[TEST NUM]: 2	11
938 2010-07-15 0 0 3 8
[TEST NUM]: 8	11
939 2010-07-16 0 0 3 8
[TEST NUM]: 8	11
940 2010-07-19 0 0 5 6
[TEST NUM]: 6	11
941 2010-07-20 0 0 1 10
[TEST NUM]: 10	11
[WRONG] 942 2010-07-21 0 1 6 5
[TEST NUM]: 5	11
[WRONG] 943 2010-07-22 0 1 6 5
[TEST NUM]: 5	11
[WRONG] 944 2010-07-23 0 1 8 3
[TEST NUM]: 3	11
945 2010-07-26 0 0 0 11
[TEST NUM]: 11	11
[WRONG] 946 2010-07-27 0 1 8 3
[TEST NUM]: 3	11
947 2010-07-28 0 0 5 6
[TEST NUM]: 6	11
[WRONG] 948 2010-07-29 0 1 8 3
[TEST NUM]: 3	11
949 2010-07-30 0 0 4 7
[TEST NUM]: 7	11
950 2010-08-02 0 0 4 7
[TEST NUM]: 7	11
[WRONG] 951 2010-08-03 0 1 7 4
[TEST NUM]: 4	11
[WRONG] 952 2010-08-04 0 1 6 5
[TEST NUM]: 5	11
953 2010-08-05 0 0 5 6
[TEST NUM]: 6	11
[WRONG] 954 2010-08-06 0 1 9 2
[TEST NUM]: 2	11
[WRONG] 955 2010-08-09 0 1 8 3
[TEST NUM]: 3	11
956 2010-08-10 0 0 1 10
[TEST NUM]: 10	11
957 2010-08-11 0 0 0 11
[TEST NUM]: 11	11
[WRONG] 958 2010-08-12 0 1 10 1
[TEST NUM]: 1	11
[WRONG] 959 2010-08-13 0 1 9 2
[TEST NUM]: 2	11
960 2010-08-16 0 0 0 11
[TEST NUM]: 11	11
[WRONG] 961 2010-08-17 0 1 7 4
[TEST NUM]: 4	11
[WRONG] 962 2010-08-18 0 1 8 3
[TEST NUM]: 3	11
963 2010-08-19 0 0 3 8
[TEST NUM]: 8	11
[WRONG] 964 2010-08-20 0 1 8 3
[TEST NUM]: 3	11
[WRONG] 965 2010-08-23 0 1 10 1
[TEST NUM]: 1	11
[WRONG] 966 2010-08-24 0 1 9 2
[TEST NUM]: 2	11
967 2010-08-25 0 0 3 8
[TEST NUM]: 8	11
968 2010-08-26 0 0 3 8
[TEST NUM]: 8	11
969 2010-08-27 0 0 4 7
[TEST NUM]: 7	11
[WRONG] 970 2010-08-30 0 1 9 2
[TEST NUM]: 2	11
[WRONG] 971 2010-08-31 0 1 8 3
[TEST NUM]: 3	11
972 2010-09-01 0 0 5 6
[TEST NUM]: 6	11
[WRONG] 973 2010-09-02 0 1 11 0
[TEST NUM]: 0	11
974 2010-09-03 0 0 3 8
[TEST NUM]: 8	11
975 2010-09-07 0 0 3 8
[TEST NUM]: 8	11
976 2010-09-08 0 0 4 7
[TEST NUM]: 7	11
977 2010-09-09 0 0 0 11
[TEST NUM]: 11	11
[WRONG] 978 2010-09-10 0 1 7 4
[TEST NUM]: 4	11
979 2010-09-13 0 0 5 6
[TEST NUM]: 6	11
980 2010-09-14 0 0 3 8
[TEST NUM]: 8	11
981 2010-09-15 0 0 5 6
[TEST NUM]: 6	11
982 2010-09-16 0 0 5 6
[TEST NUM]: 6	11
983 2010-09-17 0 0 0 11
[TEST NUM]: 11	11
984 2010-09-20 0 0 2 9
[TEST NUM]: 9	11
[WRONG] 985 2010-09-21 0 1 8 3
[TEST NUM]: 3	11
[WRONG] 986 2010-09-22 0 1 6 5
[TEST NUM]: 5	11
[WRONG] 987 2010-09-23 0 1 6 5
[TEST NUM]: 5	11
988 2010-09-24 0 0 4 7
[TEST NUM]: 7	11
[WRONG] 989 2010-09-27 0 1 10 1
[TEST NUM]: 1	11
990 2010-09-28 0 0 5 6
[TEST NUM]: 6	11
[WRONG] 991 2010-09-29 0 1 6 5
[TEST NUM]: 5	11
[WRONG] 992 2010-09-30 0 1 7 4
[TEST NUM]: 4	11
993 2010-10-01 0 0 0 11
[TEST NUM]: 11	11
[WRONG] 994 2010-10-04 0 1 10 1
[TEST NUM]: 1	11
995 2010-10-05 0 0 2 9
[TEST NUM]: 9	11
996 2010-10-06 0 0 2 9
[TEST NUM]: 9	11
997 2010-10-07 0 0 3 8
[TEST NUM]: 8	11
998 2010-10-08 0 0 5 6
[TEST NUM]: 6	11
999 2010-10-11 0 0 0 11
[TEST NUM]: 11	11
[WRONG] 1000 2010-10-12 0 1 6 5
[TEST NUM]: 5	11
1001 2010-10-13 0 0 2 9
[TEST NUM]: 9	11
1002 2010-10-14 0 0 5 6
[TEST NUM]: 6	11
[WRONG] 1003 2010-10-15 0 1 10 1
[TEST NUM]: 1	11
[WRONG] 1004 2010-10-18 0 1 6 5
[TEST NUM]: 5	11
[WRONG] 1005 2010-10-19 0 1 9 2
[TEST NUM]: 2	11
1006 2010-10-20 0 0 2 9
[TEST NUM]: 9	11
[WRONG] 1007 2010-10-21 0 1 8 3
[TEST NUM]: 3	11
1008 2010-10-22 0 0 4 7
[TEST NUM]: 7	11
[WRONG] 1009 2010-10-25 0 1 8 3
[TEST NUM]: 3	11
1010 2010-10-26 0 0 3 8
[TEST NUM]: 8	11
1011 2010-10-27 0 0 4 7
[TEST NUM]: 7	11
[WRONG] 1012 2010-10-28 0 1 8 3
[TEST NUM]: 3	11
1013 2010-10-29 0 0 3 8
[TEST NUM]: 8	11
1014 2010-11-01 0 0 4 7
[TEST NUM]: 7	11
1015 2010-11-02 0 0 2 9
[TEST NUM]: 9	11
[WRONG] 1016 2010-11-03 0 1 7 4
[TEST NUM]: 4	11
[WRONG] 1017 2010-11-04 0 1 8 3
[TEST NUM]: 3	11
1018 2010-11-05 0 0 0 11
[TEST NUM]: 11	11
1019 2010-11-08 0 0 2 9
[TEST NUM]: 9	11
[WRONG] 1020 2010-11-09 0 1 10 1
[TEST NUM]: 1	11
1021 2010-11-10 0 0 3 8
[TEST NUM]: 8	11
1022 2010-11-11 0 0 0 11
[TEST NUM]: 11	11
[WRONG] 1023 2010-11-12 0 1 10 1
[TEST NUM]: 1	11
[WRONG] 1024 2010-11-15 0 1 9 2
[TEST NUM]: 2	11
[WRONG] 1025 2010-11-16 0 1 6 5
[TEST NUM]: 5	11
[WRONG] 1026 2010-11-17 0 1 7 4
[TEST NUM]: 4	11
1027 2010-11-18 0 0 0 11
[TEST NUM]: 11	11
1028 2010-11-19 0 0 0 11
[TEST NUM]: 11	11
[WRONG] 1029 2010-11-22 0 1 11 0
[TEST NUM]: 0	11
[WRONG] 1030 2010-11-23 0 1 11 0
[TEST NUM]: 0	11
1031 2010-11-24 0 0 1 10
[TEST NUM]: 10	11
[WRONG] 1032 2010-11-26 0 1 11 0
[TEST NUM]: 0	11
[WRONG] 1033 2010-11-29 0 1 9 2
[TEST NUM]: 2	11
[WRONG] 1034 2010-11-30 0 1 11 0
[TEST NUM]: 0	11
1035 2010-12-01 0 0 0 11
[TEST NUM]: 11	11
1036 2010-12-02 0 0 3 8
[TEST NUM]: 8	11
1037 2010-12-03 0 0 0 11
[TEST NUM]: 11	11
[WRONG] 1038 2010-12-06 0 1 11 0
[TEST NUM]: 0	11
[WRONG] 1039 2010-12-07 0 1 11 0
[TEST NUM]: 0	11
1040 2010-12-08 0 0 1 10
[TEST NUM]: 10	11
1041 2010-12-09 0 0 1 10
[TEST NUM]: 10	11
1042 2010-12-10 0 0 3 8
[TEST NUM]: 8	11
[WRONG] 1043 2010-12-13 0 1 9 2
[TEST NUM]: 2	11
[WRONG] 1044 2010-12-14 0 1 8 3
[TEST NUM]: 3	11
[WRONG] 1045 2010-12-15 0 1 9 2
[TEST NUM]: 2	11
1046 2010-12-16 0 0 5 6
[TEST NUM]: 6	11
1047 2010-12-17 0 0 3 8
[TEST NUM]: 8	11
1048 2010-12-20 0 0 1 10
[TEST NUM]: 10	11
1049 2010-12-21 0 0 2 9
[TEST NUM]: 9	11
1050 2010-12-22 0 0 0 11
[TEST NUM]: 11	11
1051 2010-12-23 0 0 3 8
[TEST NUM]: 8	11
[WRONG] 1052 2010-12-27 0 1 11 0
[TEST NUM]: 0	11
1053 2010-12-28 0 0 0 11
[TEST NUM]: 11	11
1054 2010-12-29 0 0 2 9
[TEST NUM]: 9	11
1055 2010-12-30 0 0 5 6
[TEST NUM]: 6	11
[WRONG] 1056 2010-12-31 0 1 8 3
[TEST NUM]: 3	11
1057 2011-01-03 0 0 2 9
[TEST NUM]: 9	11
1058 2011-01-04 0 0 1 10
[TEST NUM]: 10	11
[WRONG] 1059 2011-01-05 0 1 6 5
[TEST NUM]: 5	11
[WRONG] 1060 2011-01-06 0 1 8 3
[TEST NUM]: 3	11
[WRONG] 1061 2011-01-07 0 1 9 2
[TEST NUM]: 2	11
[WRONG] 1062 2011-01-10 0 1 7 4
[TEST NUM]: 4	11
1063 2011-01-11 0 0 5 6
[TEST NUM]: 6	11
1064 2011-01-12 0 0 3 8
[TEST NUM]: 8	11
[WRONG] 1065 2011-01-13 0 1 11 0
[TEST NUM]: 0	11
1066 2011-01-14 0 0 2 9
[TEST NUM]: 9	11
1067 2011-01-18 0 0 1 10
[TEST NUM]: 10	11
[WRONG] 1068 2011-01-19 0 1 9 2
[TEST NUM]: 2	11
1069 2011-01-20 0 0 1 10
[TEST NUM]: 10	11
[WRONG] 1070 2011-01-21 0 1 10 1
[TEST NUM]: 1	11
1071 2011-01-24 0 0 0 11
[TEST NUM]: 11	11
[WRONG] 1072 2011-01-25 0 1 7 4
[TEST NUM]: 4	11
[WRONG] 1073 2011-01-26 0 1 6 5
[TEST NUM]: 5	11
1074 2011-01-27 0 0 2 9
[TEST NUM]: 9	11
1075 2011-01-28 0 0 1 10
[TEST NUM]: 10	11
1076 2011-01-31 0 0 2 9
[TEST NUM]: 9	11
1077 2011-02-01 0 0 3 8
[TEST NUM]: 8	11
1078 2011-02-02 0 0 2 9
[TEST NUM]: 9	11
1079 2011-02-03 0 0 3 8
[TEST NUM]: 8	11
1080 2011-02-04 0 0 1 10
[TEST NUM]: 10	11
1081 2011-02-07 0 0 2 9
[TEST NUM]: 9	11
1082 2011-02-08 0 0 1 10
[TEST NUM]: 10	11
1083 2011-02-09 0 0 2 9
[TEST NUM]: 9	11
1084 2011-02-10 0 0 1 10
[TEST NUM]: 10	11
1085 2011-02-11 0 0 5 6
[TEST NUM]: 6	11
[WRONG] 1086 2011-02-14 0 1 8 3
[TEST NUM]: 3	11
1087 2011-02-15 0 0 2 9
[TEST NUM]: 9	11
1088 2011-02-16 0 0 3 8
[TEST NUM]: 8	11
1089 2011-02-17 0 0 3 8
[TEST NUM]: 8	11
[WRONG] 1090 2011-02-18 0 1 9 2
[TEST NUM]: 2	11
[WRONG] 1091 2011-02-22 0 1 6 5
[TEST NUM]: 5	11
1092 2011-02-23 0 0 0 11
[TEST NUM]: 11	11
1093 2011-02-24 0 0 3 8
[TEST NUM]: 8	11
[WRONG] 1094 2011-02-25 0 1 9 2
[TEST NUM]: 2	11
1095 2011-02-28 0 0 5 6
[TEST NUM]: 6	11
1096 2011-03-01 0 0 1 10
[TEST NUM]: 10	11
[WRONG] 1097 2011-03-02 0 1 7 4
[TEST NUM]: 4	11
[WRONG] 1098 2011-03-03 0 1 8 3
[TEST NUM]: 3	11
1099 2011-03-04 0 0 5 6
[TEST NUM]: 6	11
[WRONG] 1100 2011-03-07 0 1 6 5
[TEST NUM]: 5	11
[WRONG] 1101 2011-03-08 0 1 10 1
[TEST NUM]: 1	11
[WRONG] 1102 2011-03-09 0 1 11 0
[TEST NUM]: 0	11
1103 2011-03-10 0 0 2 9
[TEST NUM]: 9	11
[WRONG] 1104 2011-03-11 0 1 11 0
[TEST NUM]: 0	11
[WRONG] 1105 2011-03-14 0 1 9 2
[TEST NUM]: 2	11
1106 2011-03-15 0 0 5 6
[TEST NUM]: 6	11
1107 2011-03-16 0 0 3 8
[TEST NUM]: 8	11
[WRONG] 1108 2011-03-17 0 1 9 2
[TEST NUM]: 2	11
[WRONG] 1109 2011-03-18 0 1 7 4
[TEST NUM]: 4	11
[WRONG] 1110 2011-03-21 0 1 9 2
[TEST NUM]: 2	11
1111 2011-03-22 0 0 5 6
[TEST NUM]: 6	11
1112 2011-03-23 0 0 5 6
[TEST NUM]: 6	11
1113 2011-03-24 0 0 3 8
[TEST NUM]: 8	11
[WRONG] 1114 2011-03-25 0 1 6 5
[TEST NUM]: 5	11
[WRONG] 1115 2011-03-28 0 1 6 5
[TEST NUM]: 5	11
[WRONG] 1116 2011-03-29 0 1 8 3
[TEST NUM]: 3	11
[WRONG] 1117 2011-03-30 0 1 8 3
[TEST NUM]: 3	11
1118 2011-03-31 0 0 0 11
[TEST NUM]: 11	11
[WRONG] 1119 2011-04-01 0 1 7 4
[TEST NUM]: 4	11
1120 2011-04-04 0 0 3 8
[TEST NUM]: 8	11
1121 2011-04-05 0 0 5 6
[TEST NUM]: 6	11
1122 2011-04-06 0 0 4 7
[TEST NUM]: 7	11
1123 2011-04-07 0 0 5 6
[TEST NUM]: 6	11
1124 2011-04-08 0 0 1 10
[TEST NUM]: 10	11
1125 2011-04-11 0 0 1 10
[TEST NUM]: 10	11
1126 2011-04-12 0 0 0 11
[TEST NUM]: 11	11
1127 2011-04-13 0 0 5 6
[TEST NUM]: 6	11
[WRONG] 1128 2011-04-14 0 1 6 5
[TEST NUM]: 5	11
1129 2011-04-15 0 0 1 10
[TEST NUM]: 10	11
1130 2011-04-18 0 0 4 7
[TEST NUM]: 7	11
[WRONG] 1131 2011-04-19 0 1 11 0
[TEST NUM]: 0	11
[WRONG] 1132 2011-04-20 0 1 9 2
[TEST NUM]: 2	11
[WRONG] 1133 2011-04-21 0 1 7 4
[TEST NUM]: 4	11
1134 2011-04-25 0 0 2 9
[TEST NUM]: 9	11
[WRONG] 1135 2011-04-26 0 1 6 5
[TEST NUM]: 5	11
[WRONG] 1136 2011-04-27 0 1 9 2
[TEST NUM]: 2	11
[WRONG] 1137 2011-04-28 0 1 8 3
[TEST NUM]: 3	11
[WRONG] 1138 2011-04-29 0 1 11 0
[TEST NUM]: 0	11
1139 2011-05-02 0 0 5 6
[TEST NUM]: 6	11
[WRONG] 1140 2011-05-03 0 1 8 3
[TEST NUM]: 3	11
1141 2011-05-04 0 0 2 9
[TEST NUM]: 9	11
1142 2011-05-05 0 0 0 11
[TEST NUM]: 11	11
1143 2011-05-06 0 0 0 11
[TEST NUM]: 11	11
[WRONG] 1144 2011-05-09 0 1 10 1
[TEST NUM]: 1	11
[WRONG] 1145 2011-05-10 0 1 11 0
[TEST NUM]: 0	11
1146 2011-05-11 0 0 0 11
[TEST NUM]: 11	11
[WRONG] 1147 2011-05-12 0 1 6 5
[TEST NUM]: 5	11
1148 2011-05-13 0 0 2 9
[TEST NUM]: 9	11
1149 2011-05-16 0 0 1 10
[TEST NUM]: 10	11
1150 2011-05-17 0 0 4 7
[TEST NUM]: 7	11
[WRONG] 1151 2011-05-18 0 1 10 1
[TEST NUM]: 1	11
[WRONG] 1152 2011-05-19 0 1 10 1
[TEST NUM]: 1	11
1153 2011-05-20 0 0 1 10
[TEST NUM]: 10	11
[WRONG] 1154 2011-05-23 0 1 7 4
[TEST NUM]: 4	11
1155 2011-05-24 0 0 0 11
[TEST NUM]: 11	11
1156 2011-05-25 0 0 2 9
[TEST NUM]: 9	11
[WRONG] 1157 2011-05-26 0 1 11 0
[TEST NUM]: 0	11
1158 2011-05-27 0 0 3 8
[TEST NUM]: 8	11
[WRONG] 1159 2011-05-31 0 1 11 0
[TEST NUM]: 0	11
1160 2011-06-01 0 0 2 9
[TEST NUM]: 9	11
[WRONG] 1161 2011-06-02 0 1 9 2
[TEST NUM]: 2	11
1162 2011-06-03 0 0 0 11
[TEST NUM]: 11	11
[WRONG] 1163 2011-06-06 0 1 10 1
[TEST NUM]: 1	11
1164 2011-06-07 0 0 1 10
[TEST NUM]: 10	11
1165 2011-06-08 0 0 1 10
[TEST NUM]: 10	11
[WRONG] 1166 2011-06-09 0 1 8 3
[TEST NUM]: 3	11
1167 2011-06-10 0 0 5 6
[TEST NUM]: 6	11
[WRONG] 1168 2011-06-13 0 1 11 0
[TEST NUM]: 0	11
[WRONG] 1169 2011-06-14 0 1 11 0
[TEST NUM]: 0	11
[WRONG] 1170 2011-06-15 0 1 6 5
[TEST NUM]: 5	11
1171 2011-06-16 0 0 5 6
[TEST NUM]: 6	11
[WRONG] 1172 2011-06-17 0 1 10 1
[TEST NUM]: 1	11
[WRONG] 1173 2011-06-20 0 1 8 3
[TEST NUM]: 3	11
[WRONG] 1174 2011-06-21 0 1 10 1
[TEST NUM]: 1	11
1175 2011-06-22 0 0 2 9
[TEST NUM]: 9	11
1176 2011-06-23 0 0 5 6
[TEST NUM]: 6	11
[WRONG] 1177 2011-06-24 0 1 6 5
[TEST NUM]: 5	11
1178 2011-06-27 0 0 3 8
[TEST NUM]: 8	11
[WRONG] 1179 2011-06-28 0 1 10 1
[TEST NUM]: 1	11
1180 2011-06-29 0 0 3 8
[TEST NUM]: 8	11
1181 2011-06-30 0 0 3 8
[TEST NUM]: 8	11
[WRONG] 1182 2011-07-01 0 1 6 5
[TEST NUM]: 5	11
1183 2011-07-05 0 0 1 10
[TEST NUM]: 10	11
[WRONG] 1184 2011-07-06 0 1 7 4
[TEST NUM]: 4	11
[WRONG] 1185 2011-07-07 0 1 7 4
[TEST NUM]: 4	11
1186 2011-07-08 0 0 3 8
[TEST NUM]: 8	11
1187 2011-07-11 0 0 0 11
[TEST NUM]: 11	11
1188 2011-07-12 0 0 2 9
[TEST NUM]: 9	11
1189 2011-07-13 0 0 3 8
[TEST NUM]: 8	11
[WRONG] 1190 2011-07-14 0 1 6 5
[TEST NUM]: 5	11
[WRONG] 1191 2011-07-15 0 1 7 4
[TEST NUM]: 4	11
1192 2011-07-18 0 0 5 6
[TEST NUM]: 6	11
[WRONG] 1193 2011-07-19 0 1 7 4
[TEST NUM]: 4	11
[WRONG] 1194 2011-07-20 0 1 9 2
[TEST NUM]: 2	11
[WRONG] 1195 2011-07-21 0 1 6 5
[TEST NUM]: 5	11
[WRONG] 1196 2011-07-22 0 1 11 0
[TEST NUM]: 0	11
[WRONG] 1197 2011-07-25 0 1 10 1
[TEST NUM]: 1	11
1198 2011-07-26 0 0 5 6
[TEST NUM]: 6	11
[WRONG] 1199 2011-07-27 0 1 7 4
[TEST NUM]: 4	11
1200 2011-07-28 0 0 3 8
[TEST NUM]: 8	11
1201 2011-07-29 0 0 1 10
[TEST NUM]: 10	11
[WRONG] 1202 2011-08-01 0 1 6 5
[TEST NUM]: 5	11
1203 2011-08-02 0 0 2 9
[TEST NUM]: 9	11
1204 2011-08-03 0 0 4 7
[TEST NUM]: 7	11
[WRONG] 1205 2011-08-04 0 1 7 4
[TEST NUM]: 4	11
1206 2011-08-05 0 0 1 10
[TEST NUM]: 10	11
[WRONG] 1207 2011-08-08 0 1 7 4
[TEST NUM]: 4	11
1208 2011-08-09 0 0 0 11
[TEST NUM]: 11	11
[WRONG] 1209 2011-08-10 0 1 6 5
[TEST NUM]: 5	11
[WRONG] 1210 2011-08-11 0 1 6 5
[TEST NUM]: 5	11
[WRONG] 1211 2011-08-12 0 1 8 3
[TEST NUM]: 3	11
[WRONG] 1212 2011-08-15 0 1 6 5
[TEST NUM]: 5	11
1213 2011-08-16 0 0 0 11
[TEST NUM]: 11	11
[WRONG] 1214 2011-08-17 0 1 8 3
[TEST NUM]: 3	11
1215 2011-08-18 0 0 1 10
[TEST NUM]: 10	11
[WRONG] 1216 2011-08-19 0 1 6 5
[TEST NUM]: 5	11
[WRONG] 1217 2011-08-22 0 1 6 5
[TEST NUM]: 5	11
[WRONG] 1218 2011-08-23 0 1 6 5
[TEST NUM]: 5	11
[WRONG] 1219 2011-08-24 0 1 8 3
[TEST NUM]: 3	11
1220 2011-08-25 0 0 5 6
[TEST NUM]: 6	11
[WRONG] 1221 2011-08-26 0 1 6 5
[TEST NUM]: 5	11
1222 2011-08-29 0 0 4 7
[TEST NUM]: 7	11
1223 2011-08-30 0 0 4 7
[TEST NUM]: 7	11
1224 2011-08-31 0 0 3 8
[TEST NUM]: 8	11
1225 2011-09-01 0 0 3 8
[TEST NUM]: 8	11
1226 2011-09-02 0 0 3 8
[TEST NUM]: 8	11
1227 2011-09-06 0 0 4 7
[TEST NUM]: 7	11
1228 2011-09-07 0 0 2 9
[TEST NUM]: 9	11
[WRONG] 1229 2011-09-08 0 1 7 4
[TEST NUM]: 4	11
1230 2011-09-09 0 0 1 10
[TEST NUM]: 10	11
[WRONG] 1231 2011-09-12 0 1 11 0
[TEST NUM]: 0	11
1232 2011-09-13 0 0 1 10
[TEST NUM]: 10	11
[WRONG] 1233 2011-09-14 0 1 8 3
[TEST NUM]: 3	11
1234 2011-09-15 0 0 2 9
[TEST NUM]: 9	11
[WRONG] 1235 2011-09-16 0 1 11 0
[TEST NUM]: 0	11
1236 2011-09-19 0 0 3 8
[TEST NUM]: 8	11
1237 2011-09-20 0 0 0 11
[TEST NUM]: 11	11
1238 2011-09-21 0 0 0 11
[TEST NUM]: 11	11
1239 2011-09-22 0 0 0 11
[TEST NUM]: 11	11
[WRONG] 1240 2011-09-23 0 1 9 2
[TEST NUM]: 2	11
[WRONG] 1241 2011-09-26 0 1 7 4
[TEST NUM]: 4	11
1242 2011-09-27 0 0 4 7
[TEST NUM]: 7	11
1243 2011-09-28 0 0 0 11
[TEST NUM]: 11	11
[WRONG] 1244 2011-09-29 0 1 11 0
[TEST NUM]: 0	11
1245 2011-09-30 0 0 2 9
[TEST NUM]: 9	11
1246 2011-10-03 0 0 0 11
[TEST NUM]: 11	11
[WRONG] 1247 2011-10-04 0 1 11 0
[TEST NUM]: 0	11
[WRONG] 1248 2011-10-05 0 1 10 1
[TEST NUM]: 1	11
[WRONG] 1249 2011-10-06 0 1 6 5
[TEST NUM]: 5	11
1250 2011-10-07 0 0 1 10
[TEST NUM]: 10	11
[WRONG] 1251 2011-10-10 0 1 11 0
[TEST NUM]: 0	11
[WRONG] 1252 2011-10-11 0 1 10 1
[TEST NUM]: 1	11
[WRONG] 1253 2011-10-12 0 1 7 4
[TEST NUM]: 4	11
1254 2011-10-13 0 0 0 11
[TEST NUM]: 11	11
[WRONG] 1255 2011-10-14 0 1 10 1
[TEST NUM]: 1	11
1256 2011-10-17 0 0 2 9
[TEST NUM]: 9	11
[WRONG] 1257 2011-10-18 0 1 11 0
[TEST NUM]: 0	11
1258 2011-10-19 0 0 1 10
[TEST NUM]: 10	11
[WRONG] 1259 2011-10-20 0 1 10 1
[TEST NUM]: 1	11
[WRONG] 1260 2011-10-21 0 1 8 3
[TEST NUM]: 3	11
[WRONG] 1261 2011-10-24 0 1 6 5
[TEST NUM]: 5	11
1262 2011-10-25 0 0 1 10
[TEST NUM]: 10	11
[WRONG] 1263 2011-10-26 0 1 8 3
[TEST NUM]: 3	11
1264 2011-10-27 0 0 0 11
[TEST NUM]: 11	11
1265 2011-10-28 0 0 2 9
[TEST NUM]: 9	11
[WRONG] 1266 2011-10-31 0 1 9 2
[TEST NUM]: 2	11
1267 2011-11-01 0 0 2 9
[TEST NUM]: 9	11
1268 2011-11-02 0 0 2 9
[TEST NUM]: 9	11
1269 2011-11-03 0 0 5 6
[TEST NUM]: 6	11
[WRONG] 1270 2011-11-04 0 1 7 4
[TEST NUM]: 4	11
1271 2011-11-07 0 0 5 6
[TEST NUM]: 6	11
1272 2011-11-08 0 0 1 10
[TEST NUM]: 10	11
[WRONG] 1273 2011-11-09 0 1 9 2
[TEST NUM]: 2	11
1274 2011-11-10 0 0 0 11
[TEST NUM]: 11	11
1275 2011-11-11 0 0 1 10
[TEST NUM]: 10	11
[WRONG] 1276 2011-11-14 0 1 8 3
[TEST NUM]: 3	11
1277 2011-11-15 0 0 1 10
[TEST NUM]: 10	11
[WRONG] 1278 2011-11-16 0 1 11 0
[TEST NUM]: 0	11
1279 2011-11-17 0 0 0 11
[TEST NUM]: 11	11
[WRONG] 1280 2011-11-18 0 1 6 5
[TEST NUM]: 5	11
[WRONG] 1281 2011-11-21 0 1 8 3
[TEST NUM]: 3	11
[WRONG] 1282 2011-11-22 0 1 9 2
[TEST NUM]: 2	11
1283 2011-11-23 0 0 4 7
[TEST NUM]: 7	11
[WRONG] 1284 2011-11-25 0 1 6 5
[TEST NUM]: 5	11
1285 2011-11-28 0 0 2 9
[TEST NUM]: 9	11
1286 2011-11-29 0 0 4 7
[TEST NUM]: 7	11
[WRONG] 1287 2011-11-30 0 1 8 3
[TEST NUM]: 3	11
1288 2011-12-01 0 0 5 6
[TEST NUM]: 6	11
1289 2011-12-02 0 0 2 9
[TEST NUM]: 9	11
1290 2011-12-05 0 0 3 8
[TEST NUM]: 8	11
[WRONG] 1291 2011-12-06 0 1 7 4
[TEST NUM]: 4	11
[WRONG] 1292 2011-12-07 0 1 8 3
[TEST NUM]: 3	11
1293 2011-12-08 0 0 1 10
[TEST NUM]: 10	11
[WRONG] 1294 2011-12-09 0 1 8 3
[TEST NUM]: 3	11
1295 2011-12-12 0 0 0 11
[TEST NUM]: 11	11
1296 2011-12-13 0 0 1 10
[TEST NUM]: 10	11
[WRONG] 1297 2011-12-14 0 1 10 1
[TEST NUM]: 1	11
1298 2011-12-15 0 0 4 7
[TEST NUM]: 7	11
1299 2011-12-16 0 0 4 7
[TEST NUM]: 7	11
1300 2011-12-19 0 0 5 6
[TEST NUM]: 6	11
1301 2011-12-20 0 0 0 11
[TEST NUM]: 11	11
1302 2011-12-21 0 0 1 10
[TEST NUM]: 10	11
1303 2011-12-22 0 0 4 7
[TEST NUM]: 7	11
1304 2011-12-23 0 0 0 11
[TEST NUM]: 11	11
[WRONG] 1305 2011-12-27 0 1 9 2
[TEST NUM]: 2	11
1306 2011-12-28 0 0 5 6
[TEST NUM]: 6	11
1307 2011-12-29 0 0 0 11
[TEST NUM]: 11	11
1308 2011-12-30 0 0 5 6
[TEST NUM]: 6	11
[WRONG] 1309 2012-01-03 0 1 10 1
[TEST NUM]: 1	11
1310 2012-01-04 0 0 2 9
[TEST NUM]: 9	11
1311 2012-01-05 0 0 0 11
[TEST NUM]: 11	11
[WRONG] 1312 2012-01-06 0 1 10 1
[TEST NUM]: 1	11
[WRONG] 1313 2012-01-09 0 1 9 2
[TEST NUM]: 2	11
[WRONG] 1314 2012-01-10 0 1 10 1
[TEST NUM]: 1	11
[WRONG] 1315 2012-01-11 0 1 11 0
[TEST NUM]: 0	11
1316 2012-01-12 0 0 5 6
[TEST NUM]: 6	11
1317 2012-01-13 0 0 1 10
[TEST NUM]: 10	11
[WRONG] 1318 2012-01-17 0 1 8 3
[TEST NUM]: 3	11
1319 2012-01-18 0 0 2 9
[TEST NUM]: 9	11
[WRONG] 1320 2012-01-19 0 1 6 5
[TEST NUM]: 5	11
1321 2012-01-20 0 0 0 11
[TEST NUM]: 11	11
1322 2012-01-23 0 0 2 9
[TEST NUM]: 9	11
[WRONG] 1323 2012-01-24 0 1 6 5
[TEST NUM]: 5	11
1324 2012-01-25 0 0 4 7
[TEST NUM]: 7	11
[WRONG] 1325 2012-01-26 0 1 11 0
[TEST NUM]: 0	11
[WRONG] 1326 2012-01-27 0 1 9 2
[TEST NUM]: 2	11
[WRONG] 1327 2012-01-30 0 1 7 4
[TEST NUM]: 4	11
[WRONG] 1328 2012-01-31 0 1 9 2
[TEST NUM]: 2	11
[WRONG] 1329 2012-02-01 0 1 7 4
[TEST NUM]: 4	11
1330 2012-02-02 0 0 1 10
[TEST NUM]: 10	11
[WRONG] 1331 2012-02-03 0 1 6 5
[TEST NUM]: 5	11
[WRONG] 1332 2012-02-06 0 1 6 5
[TEST NUM]: 5	11
[WRONG] 1333 2012-02-07 0 1 7 4
[TEST NUM]: 4	11
[WRONG] 1334 2012-02-08 0 1 9 2
[TEST NUM]: 2	11
1335 2012-02-09 0 0 4 7
[TEST NUM]: 7	11
1336 2012-02-10 0 0 0 11
[TEST NUM]: 11	11
[WRONG] 1337 2012-02-13 0 1 11 0
[TEST NUM]: 0	11
[WRONG] 1338 2012-02-14 0 1 9 2
[TEST NUM]: 2	11
1339 2012-02-15 0 0 4 7
[TEST NUM]: 7	11
1340 2012-02-16 0 0 1 10
[TEST NUM]: 10	11
[WRONG] 1341 2012-02-17 0 1 8 3
[TEST NUM]: 3	11
[WRONG] 1342 2012-02-21 0 1 9 2
[TEST NUM]: 2	11
1343 2012-02-22 0 0 3 8
[TEST NUM]: 8	11
1344 2012-02-23 0 0 0 11
[TEST NUM]: 11	11
1345 2012-02-24 0 0 2 9
[TEST NUM]: 9	11
1346 2012-02-27 0 0 4 7
[TEST NUM]: 7	11
1347 2012-02-28 0 0 3 8
[TEST NUM]: 8	11
1348 2012-02-29 0 0 5 6
[TEST NUM]: 6	11
1349 2012-03-01 0 0 5 6
[TEST NUM]: 6	11
1350 2012-03-02 0 0 4 7
[TEST NUM]: 7	11
[WRONG] 1351 2012-03-05 0 1 11 0
[TEST NUM]: 0	11
1352 2012-03-06 0 0 5 6
[TEST NUM]: 6	11
[WRONG] 1353 2012-03-07 0 1 7 4
[TEST NUM]: 4	11
[WRONG] 1354 2012-03-08 0 1 8 3
[TEST NUM]: 3	11
[WRONG] 1355 2012-03-09 0 1 11 0
[TEST NUM]: 0	11
[WRONG] 1356 2012-03-12 0 1 11 0
[TEST NUM]: 0	11
[WRONG] 1357 2012-03-13 0 1 9 2
[TEST NUM]: 2	11
1358 2012-03-14 0 0 1 10
[TEST NUM]: 10	11
1359 2012-03-15 0 0 2 9
[TEST NUM]: 9	11
1360 2012-03-16 0 0 5 6
[TEST NUM]: 6	11
1361 2012-03-19 0 0 1 10
[TEST NUM]: 10	11
1362 2012-03-20 0 0 4 7
[TEST NUM]: 7	11
[WRONG] 1363 2012-03-21 0 1 7 4
[TEST NUM]: 4	11
[WRONG] 1364 2012-03-22 0 1 6 5
[TEST NUM]: 5	11
1365 2012-03-23 0 0 1 10
[TEST NUM]: 10	11
1366 2012-03-26 0 0 2 9
[TEST NUM]: 9	11
[WRONG] 1367 2012-03-27 0 1 8 3
[TEST NUM]: 3	11
1368 2012-03-28 0 0 5 6
[TEST NUM]: 6	11
[WRONG] 1369 2012-03-29 0 1 9 2
[TEST NUM]: 2	11
1370 2012-03-30 0 0 0 11
[TEST NUM]: 11	11
1371 2012-04-02 0 0 4 7
[TEST NUM]: 7	11
1372 2012-04-03 0 0 0 11
[TEST NUM]: 11	11
[WRONG] 1373 2012-04-04 0 1 10 1
[TEST NUM]: 1	11
[WRONG] 1374 2012-04-05 0 1 8 3
[TEST NUM]: 3	11
1375 2012-04-09 0 0 5 6
[TEST NUM]: 6	11
[WRONG] 1376 2012-04-10 0 1 6 5
[TEST NUM]: 5	11
[WRONG] 1377 2012-04-11 0 1 8 3
[TEST NUM]: 3	11
[WRONG] 1378 2012-04-12 0 1 8 3
[TEST NUM]: 3	11
1379 2012-04-13 0 0 4 7
[TEST NUM]: 7	11
1380 2012-04-16 0 0 0 11
[TEST NUM]: 11	11
[WRONG] 1381 2012-04-17 0 1 7 4
[TEST NUM]: 4	11
1382 2012-04-18 0 0 2 9
[TEST NUM]: 9	11
[WRONG] 1383 2012-04-19 0 1 10 1
[TEST NUM]: 1	11
1384 2012-04-20 0 0 0 11
[TEST NUM]: 11	11
[WRONG] 1385 2012-04-23 0 1 10 1
[TEST NUM]: 1	11
1386 2012-04-24 0 0 4 7
[TEST NUM]: 7	11
1387 2012-04-25 0 0 5 6
[TEST NUM]: 6	11
1388 2012-04-26 0 0 0 11
[TEST NUM]: 11	11
[WRONG] 1389 2012-04-27 0 1 7 4
[TEST NUM]: 4	11
1390 2012-04-30 0 0 4 7
[TEST NUM]: 7	11
[WRONG] 1391 2012-05-01 0 1 9 2
[TEST NUM]: 2	11
1392 2012-05-02 0 0 3 8
[TEST NUM]: 8	11
[WRONG] 1393 2012-05-03 0 1 7 4
[TEST NUM]: 4	11
[WRONG] 1394 2012-05-04 0 1 7 4
[TEST NUM]: 4	11
[WRONG] 1395 2012-05-07 0 1 6 5
[TEST NUM]: 5	11
1396 2012-05-08 0 0 2 9
[TEST NUM]: 9	11
1397 2012-05-09 0 0 1 10
[TEST NUM]: 10	11
[WRONG] 1398 2012-05-10 0 1 10 1
[TEST NUM]: 1	11
1399 2012-05-11 0 0 0 11
[TEST NUM]: 11	11
[WRONG] 1400 2012-05-14 0 1 7 4
[TEST NUM]: 4	11
[WRONG] 1401 2012-05-15 0 1 6 5
[TEST NUM]: 5	11
1402 2012-05-16 0 0 2 9
[TEST NUM]: 9	11
1403 2012-05-17 0 0 2 9
[TEST NUM]: 9	11
[WRONG] 1404 2012-05-18 0 1 7 4
[TEST NUM]: 4	11
1405 2012-05-21 0 0 0 11
[TEST NUM]: 11	11
[WRONG] 1406 2012-05-22 0 1 7 4
[TEST NUM]: 4	11
[WRONG] 1407 2012-05-23 0 1 9 2
[TEST NUM]: 2	11
1408 2012-05-24 0 0 3 8
[TEST NUM]: 8	11
[WRONG] 1409 2012-05-25 0 1 8 3
[TEST NUM]: 3	11
[WRONG] 1410 2012-05-29 0 1 8 3
[TEST NUM]: 3	11
[WRONG] 1411 2012-05-30 0 1 6 5
[TEST NUM]: 5	11
[WRONG] 1412 2012-05-31 0 1 8 3
[TEST NUM]: 3	11
[WRONG] 1413 2012-06-01 0 1 7 4
[TEST NUM]: 4	11
[WRONG] 1414 2012-06-04 0 1 11 0
[TEST NUM]: 0	11
1415 2012-06-05 0 0 5 6
[TEST NUM]: 6	11
[WRONG] 1416 2012-06-06 0 1 8 3
[TEST NUM]: 3	11
1417 2012-06-07 0 0 1 10
[TEST NUM]: 10	11
[WRONG] 1418 2012-06-08 0 1 10 1
[TEST NUM]: 1	11
1419 2012-06-11 0 0 0 11
[TEST NUM]: 11	11
1420 2012-06-12 0 0 0 11
[TEST NUM]: 11	11
1421 2012-06-13 0 0 2 9
[TEST NUM]: 9	11
1422 2012-06-14 0 0 5 6
[TEST NUM]: 6	11
1423 2012-06-15 0 0 1 10
[TEST NUM]: 10	11
1424 2012-06-18 0 0 3 8
[TEST NUM]: 8	11
1425 2012-06-19 0 0 0 11
[TEST NUM]: 11	11
Loss:0.00022954
Accuracy:758/1425 0.53193
